<!DOCTYPE html><html xmlns:lxslt="http://xml.apache.org/xslt" xmlns:stringutils="xalan://org.apache.tools.ant.util.StringUtils">
<head>
<META http-equiv="Content-Type" content="text/html; charset=utf-8">
<title>
        Unit Test Results
     - All tests</title>
<link href="stylesheet.css" rel="stylesheet" type="text/css">
</head>
<body>
<div id="report" class="container container_8">
<div class="grid_6 alpha">
<div class="grailslogo"></div>
<h1>
        Unit Test Results
     - All tests </h1>
<p class="intro">
                        Executed
                        24
                        tests
                    
                        with
                        5 errors

                        and
                        3 failures
                        .
                    </p>
</div>
<div class="grid_2 omega">
<nav id="navigationlinks">
<p>
<a href="failed.html">
                    Tests with failure and errors
                </a>
</p>
<p>
<a href="index.html">
                    Package summary
                </a>
</p>
<p>
<a href="all.html">
                    Show all tests
                </a>
</p>
</nav>
</div>
<div class="clear"></div>
<div class="testsuite error">
<div class="header">
<h2>Pol&iacute;ticos</h2>
<h3>
                        Executed
                        8
                        tests
                    
                        with
                        2 errors

                        and
                        3 failures
                        .
                    </h3>
</div>
<div class="testcase clearfix success grid_8 alpha omega" data-name="Adicionar politico nao existente">
<div class="grid_3 alpha">
<p>
<span class="icon success"></span><b class="testname message success">Adicionar politico nao existente</b>
</p>
<p class="summary">Executed in 0.114 seconds.</p>
</div>
<div class="grid_5 omega outputinfo"></div>
<div class="clear"></div>
</div>
<div class="testcase clearfix success grid_8 alpha omega" data-name="Adicionar politico existente">
<div class="grid_3 alpha">
<p>
<span class="icon success"></span><b class="testname message success">Adicionar politico existente</b>
</p>
<p class="summary">Executed in 0.142 seconds.</p>
</div>
<div class="grid_5 omega outputinfo"></div>
<div class="clear"></div>
</div>
<div class="testcase clearfix success grid_8 alpha omega" data-name="Atualizar o id de um politico">
<div class="grid_3 alpha">
<p>
<span class="icon success"></span><b class="testname message success">Atualizar o id de um politico</b>
</p>
<p class="summary">Executed in 0.132 seconds.</p>
</div>
<div class="grid_5 omega outputinfo"></div>
<div class="clear"></div>
</div>
<div class="testcase clearfix success grid_8 alpha omega" data-name="Remover pol&iacute;tico existente">
<div class="grid_3 alpha">
<p>
<span class="icon success"></span><b class="testname message success">Remover pol&iacute;tico existente</b>
</p>
<p class="summary">Executed in 0.143 seconds.</p>
</div>
<div class="grid_5 omega outputinfo"></div>
<div class="clear"></div>
</div>
<div class="testcase clearfix failure grid_8 alpha omega" data-name="Novo pol&iacute;tico">
<div class="grid_3 alpha">
<p>
<span class="icon failure"></span><b class="testname message failure">Novo pol&iacute;tico</b>
</p>
<p class="summary">Executed in 0.144 seconds.</p>
</div>
<div class="grid_5 omega outputinfo">
<div class="details">
<p>
<b class="message">Undefined Step: Given que eu estou no menu &ldquo;Pol&iacute;ticos&rdquo;</b>
</p>
<pre>cucumber.runtime.UndefinedStepException: Undefined Step: Given que eu estou no menu &ldquo;Pol&iacute;ticos&rdquo;
	at grails.plugin.cucumber.CucumberFormatter.resultUndefined(CucumberFormatter.groovy:250)
	at grails.plugin.cucumber.CucumberFormatter.result(CucumberFormatter.groovy:215)
	at cucumber.runtime.Utils$1.call(Utils.java:37)
	at cucumber.runtime.Timeout.timeout(Timeout.java:13)
	at cucumber.runtime.Utils.invoke(Utils.java:31)
	at cucumber.runtime.RuntimeOptions$1.invoke(RuntimeOptions.java:243)
	at cucumber.runtime.Runtime.runStep(Runtime.java:280)
	at cucumber.runtime.model.StepContainer.runStep(StepContainer.java:44)
	at cucumber.runtime.model.StepContainer.runSteps(StepContainer.java:39)
	at cucumber.runtime.model.CucumberScenario.run(CucumberScenario.java:48)
	at cucumber.runtime.model.CucumberFeature.run(CucumberFeature.java:163)
	at grails.plugin.cucumber.Cucumber$_run_closure2.doCall(Cucumber.groovy:59)
	at grails.plugin.cucumber.Cucumber.run(Cucumber.groovy:58)
	at grails.plugin.cucumber.CucumberTestType.runFeatures(CucumberTestType.groovy:148)
	at grails.plugin.cucumber.CucumberTestType.doRun(CucumberTestType.groovy:58)
</pre>
</div>
<div class="details">
<p>
<b class="message">Undefined Step: And n&atilde;o existe nenhum pol&iacute;tico com o nome &ldquo;Anderson&rdquo; com o CPF &ldquo;102.102.152-15&rdquo;</b>
</p>
<pre>cucumber.runtime.UndefinedStepException: Undefined Step: And n&atilde;o existe nenhum pol&iacute;tico com o nome &ldquo;Anderson&rdquo; com o CPF &ldquo;102.102.152-15&rdquo;
	at grails.plugin.cucumber.CucumberFormatter.resultUndefined(CucumberFormatter.groovy:250)
	at grails.plugin.cucumber.CucumberFormatter.result(CucumberFormatter.groovy:215)
	at cucumber.runtime.Utils$1.call(Utils.java:37)
	at cucumber.runtime.Timeout.timeout(Timeout.java:13)
	at cucumber.runtime.Utils.invoke(Utils.java:31)
	at cucumber.runtime.RuntimeOptions$1.invoke(RuntimeOptions.java:243)
	at cucumber.runtime.Runtime.runStep(Runtime.java:280)
	at cucumber.runtime.model.StepContainer.runStep(StepContainer.java:44)
	at cucumber.runtime.model.StepContainer.runSteps(StepContainer.java:39)
	at cucumber.runtime.model.CucumberScenario.run(CucumberScenario.java:48)
	at cucumber.runtime.model.CucumberFeature.run(CucumberFeature.java:163)
	at grails.plugin.cucumber.Cucumber$_run_closure2.doCall(Cucumber.groovy:59)
	at grails.plugin.cucumber.Cucumber.run(Cucumber.groovy:58)
	at grails.plugin.cucumber.CucumberTestType.runFeatures(CucumberTestType.groovy:148)
	at grails.plugin.cucumber.CucumberTestType.doRun(CucumberTestType.groovy:58)
</pre>
</div>
<div class="details">
<p>
<b class="message">Undefined Step: When eu seleciono a op&ccedil;&atilde;o &ldquo;Cadastrar&rdquo;</b>
</p>
<pre>cucumber.runtime.UndefinedStepException: Undefined Step: When eu seleciono a op&ccedil;&atilde;o &ldquo;Cadastrar&rdquo;
	at grails.plugin.cucumber.CucumberFormatter.resultUndefined(CucumberFormatter.groovy:250)
	at grails.plugin.cucumber.CucumberFormatter.result(CucumberFormatter.groovy:215)
	at cucumber.runtime.Utils$1.call(Utils.java:37)
	at cucumber.runtime.Timeout.timeout(Timeout.java:13)
	at cucumber.runtime.Utils.invoke(Utils.java:31)
	at cucumber.runtime.RuntimeOptions$1.invoke(RuntimeOptions.java:243)
	at cucumber.runtime.Runtime.runStep(Runtime.java:280)
	at cucumber.runtime.model.StepContainer.runStep(StepContainer.java:44)
	at cucumber.runtime.model.StepContainer.runSteps(StepContainer.java:39)
	at cucumber.runtime.model.CucumberScenario.run(CucumberScenario.java:48)
	at cucumber.runtime.model.CucumberFeature.run(CucumberFeature.java:163)
	at grails.plugin.cucumber.Cucumber$_run_closure2.doCall(Cucumber.groovy:59)
	at grails.plugin.cucumber.Cucumber.run(Cucumber.groovy:58)
	at grails.plugin.cucumber.CucumberTestType.runFeatures(CucumberTestType.groovy:148)
	at grails.plugin.cucumber.CucumberTestType.doRun(CucumberTestType.groovy:58)
</pre>
</div>
<div class="details">
<p>
<b class="message">Undefined Step: And eu tento cadastrar o pol&iacute;tico &ldquo;Anderson&rdquo; com CPF &ldquo;102.102.152-15&rdquo; e seleciono &ldquo;Salvar&rdquo;</b>
</p>
<pre>cucumber.runtime.UndefinedStepException: Undefined Step: And eu tento cadastrar o pol&iacute;tico &ldquo;Anderson&rdquo; com CPF &ldquo;102.102.152-15&rdquo; e seleciono &ldquo;Salvar&rdquo;
	at grails.plugin.cucumber.CucumberFormatter.resultUndefined(CucumberFormatter.groovy:250)
	at grails.plugin.cucumber.CucumberFormatter.result(CucumberFormatter.groovy:215)
	at cucumber.runtime.Utils$1.call(Utils.java:37)
	at cucumber.runtime.Timeout.timeout(Timeout.java:13)
	at cucumber.runtime.Utils.invoke(Utils.java:31)
	at cucumber.runtime.RuntimeOptions$1.invoke(RuntimeOptions.java:243)
	at cucumber.runtime.Runtime.runStep(Runtime.java:280)
	at cucumber.runtime.model.StepContainer.runStep(StepContainer.java:44)
	at cucumber.runtime.model.StepContainer.runSteps(StepContainer.java:39)
	at cucumber.runtime.model.CucumberScenario.run(CucumberScenario.java:48)
	at cucumber.runtime.model.CucumberFeature.run(CucumberFeature.java:163)
	at grails.plugin.cucumber.Cucumber$_run_closure2.doCall(Cucumber.groovy:59)
	at grails.plugin.cucumber.Cucumber.run(Cucumber.groovy:58)
	at grails.plugin.cucumber.CucumberTestType.runFeatures(CucumberTestType.groovy:148)
	at grails.plugin.cucumber.CucumberTestType.doRun(CucumberTestType.groovy:58)
</pre>
</div>
<div class="details">
<p>
<b class="message">Undefined Step: Then eu recebo a mensagem de confirma&ccedil;&atilde;o</b>
</p>
<pre>cucumber.runtime.UndefinedStepException: Undefined Step: Then eu recebo a mensagem de confirma&ccedil;&atilde;o
	at grails.plugin.cucumber.CucumberFormatter.resultUndefined(CucumberFormatter.groovy:250)
	at grails.plugin.cucumber.CucumberFormatter.result(CucumberFormatter.groovy:215)
	at cucumber.runtime.Utils$1.call(Utils.java:37)
	at cucumber.runtime.Timeout.timeout(Timeout.java:13)
	at cucumber.runtime.Utils.invoke(Utils.java:31)
	at cucumber.runtime.RuntimeOptions$1.invoke(RuntimeOptions.java:243)
	at cucumber.runtime.Runtime.runStep(Runtime.java:280)
	at cucumber.runtime.model.StepContainer.runStep(StepContainer.java:44)
	at cucumber.runtime.model.StepContainer.runSteps(StepContainer.java:39)
	at cucumber.runtime.model.CucumberScenario.run(CucumberScenario.java:48)
	at cucumber.runtime.model.CucumberFeature.run(CucumberFeature.java:163)
	at grails.plugin.cucumber.Cucumber$_run_closure2.doCall(Cucumber.groovy:59)
	at grails.plugin.cucumber.Cucumber.run(Cucumber.groovy:58)
	at grails.plugin.cucumber.CucumberTestType.runFeatures(CucumberTestType.groovy:148)
	at grails.plugin.cucumber.CucumberTestType.doRun(CucumberTestType.groovy:58)
</pre>
</div>
<div class="details">
<p>
<b class="message">Undefined Step: And Consigo ver as informa&ccedil;&otilde;es do pol&iacute;tico cadastrado</b>
</p>
<pre>cucumber.runtime.UndefinedStepException: Undefined Step: And Consigo ver as informa&ccedil;&otilde;es do pol&iacute;tico cadastrado
	at grails.plugin.cucumber.CucumberFormatter.resultUndefined(CucumberFormatter.groovy:250)
	at grails.plugin.cucumber.CucumberFormatter.result(CucumberFormatter.groovy:215)
	at cucumber.runtime.Utils$1.call(Utils.java:37)
	at cucumber.runtime.Timeout.timeout(Timeout.java:13)
	at cucumber.runtime.Utils.invoke(Utils.java:31)
	at cucumber.runtime.RuntimeOptions$1.invoke(RuntimeOptions.java:243)
	at cucumber.runtime.Runtime.runStep(Runtime.java:280)
	at cucumber.runtime.model.StepContainer.runStep(StepContainer.java:44)
	at cucumber.runtime.model.StepContainer.runSteps(StepContainer.java:39)
	at cucumber.runtime.model.CucumberScenario.run(CucumberScenario.java:48)
	at cucumber.runtime.model.CucumberFeature.run(CucumberFeature.java:163)
	at grails.plugin.cucumber.Cucumber$_run_closure2.doCall(Cucumber.groovy:59)
	at grails.plugin.cucumber.Cucumber.run(Cucumber.groovy:58)
	at grails.plugin.cucumber.CucumberTestType.runFeatures(CucumberTestType.groovy:148)
	at grails.plugin.cucumber.CucumberTestType.doRun(CucumberTestType.groovy:58)
</pre>
</div>
</div>
<div class="clear"></div>
</div>
<div class="testcase clearfix failure grid_8 alpha omega" data-name="Editar informa&ccedil;&otilde;es de um politico">
<div class="grid_3 alpha">
<p>
<span class="icon failure"></span><b class="testname message failure">Editar informa&ccedil;&otilde;es de um politico</b>
</p>
<p class="summary">Executed in 0.114 seconds.</p>
</div>
<div class="grid_5 omega outputinfo">
<div class="details">
<p>
<b class="message">Undefined Step: Given que o usu&aacute;rio esta na tela de atualizar pol&iacute;tico visualizando o  pol&iacute;tico &ldquo;Eduardo&rdquo; com cpf &ldquo;01234567890&rdquo;</b>
</p>
<pre>cucumber.runtime.UndefinedStepException: Undefined Step: Given que o usu&aacute;rio esta na tela de atualizar pol&iacute;tico visualizando o  pol&iacute;tico &ldquo;Eduardo&rdquo; com cpf &ldquo;01234567890&rdquo;
	at grails.plugin.cucumber.CucumberFormatter.resultUndefined(CucumberFormatter.groovy:250)
	at grails.plugin.cucumber.CucumberFormatter.result(CucumberFormatter.groovy:215)
	at cucumber.runtime.Utils$1.call(Utils.java:37)
	at cucumber.runtime.Timeout.timeout(Timeout.java:13)
	at cucumber.runtime.Utils.invoke(Utils.java:31)
	at cucumber.runtime.RuntimeOptions$1.invoke(RuntimeOptions.java:243)
	at cucumber.runtime.Runtime.runStep(Runtime.java:280)
	at cucumber.runtime.model.StepContainer.runStep(StepContainer.java:44)
	at cucumber.runtime.model.StepContainer.runSteps(StepContainer.java:39)
	at cucumber.runtime.model.CucumberScenario.run(CucumberScenario.java:48)
	at cucumber.runtime.model.CucumberFeature.run(CucumberFeature.java:163)
	at grails.plugin.cucumber.Cucumber$_run_closure2.doCall(Cucumber.groovy:59)
	at grails.plugin.cucumber.Cucumber.run(Cucumber.groovy:58)
	at grails.plugin.cucumber.CucumberTestType.runFeatures(CucumberTestType.groovy:148)
	at grails.plugin.cucumber.CucumberTestType.doRun(CucumberTestType.groovy:58)
</pre>
</div>
<div class="details">
<p>
<b class="message">Undefined Step: When ao  tentar atualizar os dados do pol&iacute;tico &ldquo;Eduardo&rdquo; com cpf &ldquo;01234567890&rdquo;</b>
</p>
<pre>cucumber.runtime.UndefinedStepException: Undefined Step: When ao  tentar atualizar os dados do pol&iacute;tico &ldquo;Eduardo&rdquo; com cpf &ldquo;01234567890&rdquo;
	at grails.plugin.cucumber.CucumberFormatter.resultUndefined(CucumberFormatter.groovy:250)
	at grails.plugin.cucumber.CucumberFormatter.result(CucumberFormatter.groovy:215)
	at cucumber.runtime.Utils$1.call(Utils.java:37)
	at cucumber.runtime.Timeout.timeout(Timeout.java:13)
	at cucumber.runtime.Utils.invoke(Utils.java:31)
	at cucumber.runtime.RuntimeOptions$1.invoke(RuntimeOptions.java:243)
	at cucumber.runtime.Runtime.runStep(Runtime.java:280)
	at cucumber.runtime.model.StepContainer.runStep(StepContainer.java:44)
	at cucumber.runtime.model.StepContainer.runSteps(StepContainer.java:39)
	at cucumber.runtime.model.CucumberScenario.run(CucumberScenario.java:48)
	at cucumber.runtime.model.CucumberFeature.run(CucumberFeature.java:163)
	at grails.plugin.cucumber.Cucumber$_run_closure2.doCall(Cucumber.groovy:59)
	at grails.plugin.cucumber.Cucumber.run(Cucumber.groovy:58)
	at grails.plugin.cucumber.CucumberTestType.runFeatures(CucumberTestType.groovy:148)
	at grails.plugin.cucumber.CucumberTestType.doRun(CucumberTestType.groovy:58)
</pre>
</div>
<div class="details">
<p>
<b class="message">Undefined Step: Then eu recebo a mensagem de confirma&ccedil;&atilde;o</b>
</p>
<pre>cucumber.runtime.UndefinedStepException: Undefined Step: Then eu recebo a mensagem de confirma&ccedil;&atilde;o
	at grails.plugin.cucumber.CucumberFormatter.resultUndefined(CucumberFormatter.groovy:250)
	at grails.plugin.cucumber.CucumberFormatter.result(CucumberFormatter.groovy:215)
	at cucumber.runtime.Utils$1.call(Utils.java:37)
	at cucumber.runtime.Timeout.timeout(Timeout.java:13)
	at cucumber.runtime.Utils.invoke(Utils.java:31)
	at cucumber.runtime.RuntimeOptions$1.invoke(RuntimeOptions.java:243)
	at cucumber.runtime.Runtime.runStep(Runtime.java:280)
	at cucumber.runtime.model.StepContainer.runStep(StepContainer.java:44)
	at cucumber.runtime.model.StepContainer.runSteps(StepContainer.java:39)
	at cucumber.runtime.model.CucumberScenario.run(CucumberScenario.java:48)
	at cucumber.runtime.model.CucumberFeature.run(CucumberFeature.java:163)
	at grails.plugin.cucumber.Cucumber$_run_closure2.doCall(Cucumber.groovy:59)
	at grails.plugin.cucumber.Cucumber.run(Cucumber.groovy:58)
	at grails.plugin.cucumber.CucumberTestType.runFeatures(CucumberTestType.groovy:148)
	at grails.plugin.cucumber.CucumberTestType.doRun(CucumberTestType.groovy:58)
</pre>
</div>
<div class="details">
<p>
<b class="message">Undefined Step: And Consigo ver as informa&ccedil;&otilde;es do pol&iacute;tico cadastrado</b>
</p>
<pre>cucumber.runtime.UndefinedStepException: Undefined Step: And Consigo ver as informa&ccedil;&otilde;es do pol&iacute;tico cadastrado
	at grails.plugin.cucumber.CucumberFormatter.resultUndefined(CucumberFormatter.groovy:250)
	at grails.plugin.cucumber.CucumberFormatter.result(CucumberFormatter.groovy:215)
	at cucumber.runtime.Utils$1.call(Utils.java:37)
	at cucumber.runtime.Timeout.timeout(Timeout.java:13)
	at cucumber.runtime.Utils.invoke(Utils.java:31)
	at cucumber.runtime.RuntimeOptions$1.invoke(RuntimeOptions.java:243)
	at cucumber.runtime.Runtime.runStep(Runtime.java:280)
	at cucumber.runtime.model.StepContainer.runStep(StepContainer.java:44)
	at cucumber.runtime.model.StepContainer.runSteps(StepContainer.java:39)
	at cucumber.runtime.model.CucumberScenario.run(CucumberScenario.java:48)
	at cucumber.runtime.model.CucumberFeature.run(CucumberFeature.java:163)
	at grails.plugin.cucumber.Cucumber$_run_closure2.doCall(Cucumber.groovy:59)
	at grails.plugin.cucumber.Cucumber.run(Cucumber.groovy:58)
	at grails.plugin.cucumber.CucumberTestType.runFeatures(CucumberTestType.groovy:148)
	at grails.plugin.cucumber.CucumberTestType.doRun(CucumberTestType.groovy:58)
</pre>
</div>
</div>
<div class="clear"></div>
</div>
<div class="testcase clearfix error grid_8 alpha omega" data-name="Visualizar pol&iacute;tico">
<div class="grid_3 alpha">
<p>
<span class="icon error"></span><b class="testname message error">Visualizar pol&iacute;tico</b>
</p>
<p class="summary">Executed in 0.155 seconds.</p>
</div>
<div class="grid_5 omega outputinfo">
<div class="details">
<p>
<b class="message">failed to create driver from callback 'script14671788952801314453061$_run_closure1@49043f16'</b>
</p>
<pre>geb.driver.DriverCreationException: failed to create driver from callback 'script14671788952801314453061$_run_closure1@49043f16'
	at geb.driver.CallbackDriverFactory.getDriver(CallbackDriverFactory.groovy:35)
	at geb.driver.CachingDriverFactory$_getDriver_closure3.doCall(CachingDriverFactory.groovy:80)
	at geb.driver.CachingDriverFactory$SimpleCache.get(CachingDriverFactory.groovy:30)
	at geb.driver.CachingDriverFactory.getDriver(CachingDriverFactory.groovy:79)
	at geb.Configuration.createDriver(Configuration.groovy:354)
	at geb.Configuration.getDriver(Configuration.groovy:343)
	at geb.Browser.getDriver(Browser.groovy:105)
	at geb.Browser.go(Browser.groovy:394)
	at geb.Page.to(Page.groovy:184)
	at geb.Browser.via(Browser.groovy:475)
	at geb.Browser.to(Browser.groovy:434)
	at geb.Browser.to(Browser.groovy:412)
	at geb.binding.BindingUpdater$InvocationForwarding.doCall(BindingUpdater.groovy:72)
	at PoliticoSteps$_run_closure11.doCall(PoliticoSteps.groovy:103)
	at ✽.Given que o usuario esta no menu de pol&iacute;tico e quer visualizar os detalhes do pol&iacute;tico com o cpf "98765432109"(Politico.feature:43)
Caused by: java.lang.IllegalStateException: The driver executable does not exist: C:\Users\Preto\Desktop\thay\ObrasPublicas\chromedrivers\chromedrivermac
	at com.google.common.base.Preconditions.checkState(Preconditions.java:177)
	at org.openqa.selenium.remote.service.DriverService.checkExecutable(DriverService.java:117)
	at org.openqa.selenium.remote.service.DriverService.findExecutable(DriverService.java:112)
	at org.openqa.selenium.chrome.ChromeDriverService.createDefaultService(ChromeDriverService.java:75)
	at org.openqa.selenium.chrome.ChromeDriver.&lt;init&gt;(ChromeDriver.java:107)
	at script14671788952801314453061$_run_closure1.doCall(script14671788952801314453061.groovy:8)
	at geb.driver.CallbackDriverFactory.getDriver(CallbackDriverFactory.groovy:29)
	at geb.driver.CachingDriverFactory$_getDriver_closure3.doCall(CachingDriverFactory.groovy:80)
	at geb.driver.CachingDriverFactory$SimpleCache.get(CachingDriverFactory.groovy:30)
	at geb.driver.CachingDriverFactory.getDriver(CachingDriverFactory.groovy:79)
	at geb.Configuration.createDriver(Configuration.groovy:354)
	at geb.Configuration.getDriver(Configuration.groovy:343)
	at geb.Browser.getDriver(Browser.groovy:105)
	at geb.Browser.go(Browser.groovy:394)
	at geb.Page.to(Page.groovy:184)
	at geb.Browser.via(Browser.groovy:475)
	at geb.Browser.to(Browser.groovy:434)
	at geb.Browser.to(Browser.groovy:412)
	at geb.binding.BindingUpdater$InvocationForwarding.doCall(BindingUpdater.groovy:72)
	at PoliticoSteps$_run_closure11.doCall(PoliticoSteps.groovy:103)
	at cucumber.runtime.groovy.GroovyBackend.invoke(GroovyBackend.java:155)
	at cucumber.runtime.groovy.GroovyStepDefinition$1.call(GroovyStepDefinition.java:71)
	at cucumber.runtime.Timeout.timeout(Timeout.java:13)
	at cucumber.runtime.groovy.GroovyStepDefinition.execute(GroovyStepDefinition.java:68)
	at cucumber.runtime.StepDefinitionMatch.runStep(StepDefinitionMatch.java:37)
	at cucumber.runtime.Runtime.runStep(Runtime.java:298)
	at cucumber.runtime.model.StepContainer.runStep(StepContainer.java:44)
	at cucumber.runtime.model.StepContainer.runSteps(StepContainer.java:39)
	at cucumber.runtime.model.CucumberScenario.run(CucumberScenario.java:48)
	at cucumber.runtime.model.CucumberFeature.run(CucumberFeature.java:163)
	at grails.plugin.cucumber.Cucumber$_run_closure2.doCall(Cucumber.groovy:59)
	at grails.plugin.cucumber.Cucumber.run(Cucumber.groovy:58)
	at grails.plugin.cucumber.CucumberTestType.runFeatures(CucumberTestType.groovy:148)
	at grails.plugin.cucumber.CucumberTestType.doRun(CucumberTestType.groovy:58)
	at _GrailsTest$_run_closure1.doCall(_GrailsTest.groovy:102)
	at TestApp$_run_closure1.doCall(TestApp.groovy:32)
</pre>
</div>
</div>
<div class="clear"></div>
</div>
<div class="testcase clearfix error grid_8 alpha omega" data-name="Visualizar taxa de atraso de obras de um pol&iacute;tico">
<div class="grid_3 alpha">
<p>
<span class="icon error"></span><b class="testname message error">Visualizar taxa de atraso de obras de um pol&iacute;tico</b>
</p>
<p class="summary">Executed in 0.044 seconds.</p>
</div>
<div class="grid_5 omega outputinfo">
<div class="details">
<p>
<b class="message">failed to create driver from callback 'script14671788954231314453061$_run_closure1@32a9def7'</b>
</p>
<pre>geb.driver.DriverCreationException: failed to create driver from callback 'script14671788954231314453061$_run_closure1@32a9def7'
	at geb.driver.CallbackDriverFactory.getDriver(CallbackDriverFactory.groovy:35)
	at geb.driver.CachingDriverFactory$_getDriver_closure3.doCall(CachingDriverFactory.groovy:80)
	at geb.driver.CachingDriverFactory$SimpleCache.get(CachingDriverFactory.groovy:30)
	at geb.driver.CachingDriverFactory.getDriver(CachingDriverFactory.groovy:79)
	at geb.Configuration.createDriver(Configuration.groovy:354)
	at geb.Configuration.getDriver(Configuration.groovy:343)
	at geb.Browser.getDriver(Browser.groovy:105)
	at geb.Browser.go(Browser.groovy:394)
	at geb.Page.to(Page.groovy:184)
	at geb.Browser.via(Browser.groovy:475)
	at geb.Browser.to(Browser.groovy:434)
	at geb.Browser.to(Browser.groovy:412)
	at geb.binding.BindingUpdater$InvocationForwarding.doCall(BindingUpdater.groovy:72)
	at PoliticoSteps$_run_closure14.doCall(PoliticoSteps.groovy:128)
	at ✽.Given que o usuario esta no menu de pol&iacute;tico e tem um pol&iacute;tico com o cpf "98765432109"(Politico.feature:48)
Caused by: java.lang.IllegalStateException: The driver executable does not exist: C:\Users\Preto\Desktop\thay\ObrasPublicas\chromedrivers\chromedrivermac
	at com.google.common.base.Preconditions.checkState(Preconditions.java:177)
	at org.openqa.selenium.remote.service.DriverService.checkExecutable(DriverService.java:117)
	at org.openqa.selenium.remote.service.DriverService.findExecutable(DriverService.java:112)
	at org.openqa.selenium.chrome.ChromeDriverService.createDefaultService(ChromeDriverService.java:75)
	at org.openqa.selenium.chrome.ChromeDriver.&lt;init&gt;(ChromeDriver.java:107)
	at script14671788954231314453061$_run_closure1.doCall(script14671788954231314453061.groovy:8)
	at geb.driver.CallbackDriverFactory.getDriver(CallbackDriverFactory.groovy:29)
	at geb.driver.CachingDriverFactory$_getDriver_closure3.doCall(CachingDriverFactory.groovy:80)
	at geb.driver.CachingDriverFactory$SimpleCache.get(CachingDriverFactory.groovy:30)
	at geb.driver.CachingDriverFactory.getDriver(CachingDriverFactory.groovy:79)
	at geb.Configuration.createDriver(Configuration.groovy:354)
	at geb.Configuration.getDriver(Configuration.groovy:343)
	at geb.Browser.getDriver(Browser.groovy:105)
	at geb.Browser.go(Browser.groovy:394)
	at geb.Page.to(Page.groovy:184)
	at geb.Browser.via(Browser.groovy:475)
	at geb.Browser.to(Browser.groovy:434)
	at geb.Browser.to(Browser.groovy:412)
	at geb.binding.BindingUpdater$InvocationForwarding.doCall(BindingUpdater.groovy:72)
	at PoliticoSteps$_run_closure14.doCall(PoliticoSteps.groovy:128)
	at cucumber.runtime.groovy.GroovyBackend.invoke(GroovyBackend.java:155)
	at cucumber.runtime.groovy.GroovyStepDefinition$1.call(GroovyStepDefinition.java:71)
	at cucumber.runtime.Timeout.timeout(Timeout.java:13)
	at cucumber.runtime.groovy.GroovyStepDefinition.execute(GroovyStepDefinition.java:68)
	at cucumber.runtime.StepDefinitionMatch.runStep(StepDefinitionMatch.java:37)
	at cucumber.runtime.Runtime.runStep(Runtime.java:298)
	at cucumber.runtime.model.StepContainer.runStep(StepContainer.java:44)
	at cucumber.runtime.model.StepContainer.runSteps(StepContainer.java:39)
	at cucumber.runtime.model.CucumberScenario.run(CucumberScenario.java:48)
	at cucumber.runtime.model.CucumberFeature.run(CucumberFeature.java:163)
	at grails.plugin.cucumber.Cucumber$_run_closure2.doCall(Cucumber.groovy:59)
	at grails.plugin.cucumber.Cucumber.run(Cucumber.groovy:58)
	at grails.plugin.cucumber.CucumberTestType.runFeatures(CucumberTestType.groovy:148)
	at grails.plugin.cucumber.CucumberTestType.doRun(CucumberTestType.groovy:58)
	at _GrailsTest$_run_closure1.doCall(_GrailsTest.groovy:102)
	at TestApp$_run_closure1.doCall(TestApp.groovy:32)
</pre>
</div>
<div class="details">
<p>
<b class="message">Undefined Step: And existe "1" obra atrasada associada ao pol&iacute;tico com cpf "98765432109"</b>
</p>
<pre>cucumber.runtime.UndefinedStepException: Undefined Step: And existe "1" obra atrasada associada ao pol&iacute;tico com cpf "98765432109"
	at grails.plugin.cucumber.CucumberFormatter.resultUndefined(CucumberFormatter.groovy:250)
	at grails.plugin.cucumber.CucumberFormatter.result(CucumberFormatter.groovy:215)
	at cucumber.runtime.Utils$1.call(Utils.java:37)
	at cucumber.runtime.Timeout.timeout(Timeout.java:13)
	at cucumber.runtime.Utils.invoke(Utils.java:31)
	at cucumber.runtime.RuntimeOptions$1.invoke(RuntimeOptions.java:243)
	at cucumber.runtime.Runtime.runStep(Runtime.java:280)
	at cucumber.runtime.model.StepContainer.runStep(StepContainer.java:44)
	at cucumber.runtime.model.StepContainer.runSteps(StepContainer.java:39)
	at cucumber.runtime.model.CucumberScenario.run(CucumberScenario.java:48)
	at cucumber.runtime.model.CucumberFeature.run(CucumberFeature.java:163)
	at grails.plugin.cucumber.Cucumber$_run_closure2.doCall(Cucumber.groovy:59)
	at grails.plugin.cucumber.Cucumber.run(Cucumber.groovy:58)
	at grails.plugin.cucumber.CucumberTestType.runFeatures(CucumberTestType.groovy:148)
	at grails.plugin.cucumber.CucumberTestType.doRun(CucumberTestType.groovy:58)
</pre>
</div>
</div>
<div class="clear"></div>
</div>
<div class="clearfix output footer">
<div class="sysout">
<h2>Standard output</h2>
<pre class="stdout">Feature: Pol&iacute;ticos
  As a usu&aacute;rio do sistema
  I want to adicionar, remover, modificar e visualizar pol&iacute;ticos no sistema
  So That eu posso gerar p&aacute;ginas web para exibir informa&ccedil;&otilde;es sobre o pol&iacute;tico

--Output from Adicionar politico nao existente--
--Output from Adicionar politico existente--
  #CONTROLLER
  Scenario: Adicionar politico nao existente                      # Politico.feature:7
    Given que o sistema nao tem um politico com CPF "01234567891" # PoliticoSteps.groovy:16
    When eu tentar cadastrar um politico com CPF "01234567891"    # PoliticoSteps.groovy:22
    Then o sistema ira cadastrar o politico de CPF "01234567891"  # PoliticoSteps.groovy:27

--Output from Atualizar o id de um politico--
  Scenario: Adicionar politico existente                             # Politico.feature:12
    Given que o sistema tem um politico de CPF "98765432109"         # PoliticoSteps.groovy:78
    Then o sistema nao ira cadastrar o politico de CPF "98765432109" # PoliticoSteps.groovy:85

--Output from Remover pol&iacute;tico existente--
  Scenario: Atualizar o id de um politico                             # Politico.feature:16
    Given o politico com CPF "01234567891&rdquo; esta armazenado no sistema # PoliticoSteps.groovy:37
    When eu tentar atualizar o id do politico de CPF "01234567891&rdquo;    # PoliticoSteps.groovy:44
    Then o politico de CPF "01234567891" tera seu id atualizado       # PoliticoSteps.groovy:50

--Output from Novo pol&iacute;tico--
  Scenario: Remover pol&iacute;tico existente                                # Politico.feature:21
    Given o politico com CPF "01234567891&rdquo; esta armazenado no sistema # PoliticoSteps.groovy:37
    When eu tentar remover o politico de CPF &ldquo;01234567891&rdquo;            # PoliticoSteps.groovy:61
    Then o politico de CPF &ldquo;01234567891&rdquo; sera removido                # PoliticoSteps.groovy:68

--Output from Editar informa&ccedil;&otilde;es de um politico--
  #GUI
  Scenario: Novo pol&iacute;tico                                                                      # Politico.feature:28
    Given que eu estou no menu &ldquo;Pol&iacute;ticos&rdquo;
    And n&atilde;o existe nenhum pol&iacute;tico com o nome &ldquo;Anderson&rdquo; com o CPF &ldquo;102.102.152-15&rdquo;
    When eu seleciono a op&ccedil;&atilde;o &ldquo;Cadastrar&rdquo;
    And eu tento cadastrar o pol&iacute;tico &ldquo;Anderson&rdquo; com CPF &ldquo;102.102.152-15&rdquo; e seleciono &ldquo;Salvar&rdquo;
    Then eu recebo a mensagem de confirma&ccedil;&atilde;o
    And Consigo ver as informa&ccedil;&otilde;es do pol&iacute;tico cadastrado

--Output from Visualizar pol&iacute;tico--
  Scenario: Editar informa&ccedil;&otilde;es de um politico                                                                       # Politico.feature:36
    Given que o usu&aacute;rio esta na tela de atualizar pol&iacute;tico visualizando o  pol&iacute;tico &ldquo;Eduardo&rdquo; com cpf &ldquo;01234567890&rdquo;
    When ao  tentar atualizar os dados do pol&iacute;tico &ldquo;Eduardo&rdquo; com cpf &ldquo;01234567890&rdquo;
    Then eu recebo a mensagem de confirma&ccedil;&atilde;o
    And Consigo ver as informa&ccedil;&otilde;es do pol&iacute;tico cadastrado

--Output from Visualizar taxa de atraso de obras de um pol&iacute;tico--
  Scenario: Visualizar pol&iacute;tico                                                                                    # Politico.feature:42
    Given que o usuario esta no menu de pol&iacute;tico e quer visualizar os detalhes do pol&iacute;tico com o cpf "98765432109" # PoliticoSteps.groovy:100
      geb.driver.DriverCreationException: failed to create driver from callback 'script14671788952801314453061$_run_closure1@49043f16'
      	at geb.driver.CallbackDriverFactory.getDriver(CallbackDriverFactory.groovy:35)
      	at geb.driver.CachingDriverFactory$_getDriver_closure3.doCall(CachingDriverFactory.groovy:80)
      	at geb.driver.CachingDriverFactory$_getDriver_closure3.doCall(CachingDriverFactory.groovy)
      	at geb.driver.CachingDriverFactory$SimpleCache.get(CachingDriverFactory.groovy:30)
      	at geb.driver.CachingDriverFactory.getDriver(CachingDriverFactory.groovy:79)
      	at geb.Configuration.createDriver(Configuration.groovy:354)
      	at geb.Configuration.getDriver(Configuration.groovy:343)
      	at geb.Browser.getDriver(Browser.groovy:105)
      	at geb.Browser.go(Browser.groovy:394)
      	at geb.Browser$go$3.call(Unknown Source)
      	at geb.Page.to(Page.groovy:184)
      	at geb.Browser.via(Browser.groovy:475)
      	at geb.Browser$via$2.callCurrent(Unknown Source)
      	at geb.Browser.to(Browser.groovy:434)
      	at geb.Browser$to$1.callCurrent(Unknown Source)
      	at geb.Browser.to(Browser.groovy:412)
      	at geb.binding.BindingUpdater$InvocationForwarding.doCall(BindingUpdater.groovy:72)
      	at PoliticoSteps$_run_closure11.doCall(PoliticoSteps.groovy:103)
      	at ✽.Given que o usuario esta no menu de pol&iacute;tico e quer visualizar os detalhes do pol&iacute;tico com o cpf "98765432109"(Politico.feature:43)
      Caused by: java.lang.IllegalStateException: The driver executable does not exist: C:\Users\Preto\Desktop\thay\ObrasPublicas\chromedrivers\chromedrivermac
      	at com.google.common.base.Preconditions.checkState(Preconditions.java:177)
      	at org.openqa.selenium.remote.service.DriverService.checkExecutable(DriverService.java:117)
      	at org.openqa.selenium.remote.service.DriverService.findExecutable(DriverService.java:112)
      	at org.openqa.selenium.chrome.ChromeDriverService.createDefaultService(ChromeDriverService.java:75)
      	at org.openqa.selenium.chrome.ChromeDriver.&lt;init&gt;(ChromeDriver.java:107)
      	at script14671788952801314453061$_run_closure1.doCall(script14671788952801314453061.groovy:8)
      	at script14671788952801314453061$_run_closure1.doCall(script14671788952801314453061.groovy)
      	at geb.driver.CallbackDriverFactory.getDriver(CallbackDriverFactory.groovy:29)
      	at geb.driver.CachingDriverFactory$_getDriver_closure3.doCall(CachingDriverFactory.groovy:80)
      	at geb.driver.CachingDriverFactory$_getDriver_closure3.doCall(CachingDriverFactory.groovy)
      	at geb.driver.CachingDriverFactory$SimpleCache.get(CachingDriverFactory.groovy:30)
      	at geb.driver.CachingDriverFactory.getDriver(CachingDriverFactory.groovy:79)
      	at geb.Configuration.createDriver(Configuration.groovy:354)
      	at geb.Configuration.getDriver(Configuration.groovy:343)
      	at geb.Browser.getDriver(Browser.groovy:105)
      	at geb.Browser.go(Browser.groovy:394)
      	at geb.Browser$go$3.call(Unknown Source)
      	at geb.Page.to(Page.groovy:184)
      	at geb.Browser.via(Browser.groovy:475)
      	at geb.Browser$via$2.callCurrent(Unknown Source)
      	at geb.Browser.to(Browser.groovy:434)
      	at geb.Browser$to$1.callCurrent(Unknown Source)
      	at geb.Browser.to(Browser.groovy:412)
      	at geb.binding.BindingUpdater$InvocationForwarding.doCall(BindingUpdater.groovy:72)
      	at PoliticoSteps$_run_closure11.doCall(PoliticoSteps.groovy:103)
      	at cucumber.runtime.groovy.GroovyBackend.invoke(GroovyBackend.java:155)
      	at cucumber.runtime.groovy.GroovyStepDefinition$1.call(GroovyStepDefinition.java:71)
      	at cucumber.runtime.Timeout.timeout(Timeout.java:13)
      	at cucumber.runtime.groovy.GroovyStepDefinition.execute(GroovyStepDefinition.java:68)
      	at cucumber.runtime.StepDefinitionMatch.runStep(StepDefinitionMatch.java:37)
      	at cucumber.runtime.Runtime.runStep(Runtime.java:298)
      	at cucumber.runtime.model.StepContainer.runStep(StepContainer.java:44)
      	at cucumber.runtime.model.StepContainer.runSteps(StepContainer.java:39)
      	at cucumber.runtime.model.CucumberScenario.run(CucumberScenario.java:48)
      	at cucumber.runtime.model.CucumberFeature.run(CucumberFeature.java:163)
      	at cucumber.runtime.model.CucumberFeature$run$0.call(Unknown Source)
      	at grails.plugin.cucumber.Cucumber$_run_closure2.doCall(Cucumber.groovy:59)
      	at grails.plugin.cucumber.Cucumber.run(Cucumber.groovy:58)
      	at grails.plugin.cucumber.Cucumber$run$1.call(Unknown Source)
      	at grails.plugin.cucumber.CucumberTestType.runFeatures(CucumberTestType.groovy:148)
      	at grails.plugin.cucumber.CucumberTestType.this$3$runFeatures(CucumberTestType.groovy)
      	at grails.plugin.cucumber.CucumberTestType$this$3$runFeatures$3.callCurrent(Unknown Source)
      	at grails.plugin.cucumber.CucumberTestType.doRun(CucumberTestType.groovy:58)
      	at _GrailsTest$_run_closure1.doCall(_GrailsTest.groovy:102)
      	at org.codehaus.gant.GantMetaClass.invokeMethod(GantMetaClass.java:133)
      	at org.codehaus.gant.GantBinding$_initializeGantBinding_closure5_closure16_closure18.doCall(GantBinding.groovy:185)
      	at org.codehaus.gant.GantBinding$_initializeGantBinding_closure5_closure16_closure18.doCall(GantBinding.groovy)
      	at org.codehaus.gant.GantBinding.withTargetEvent(GantBinding.groovy:90)
      	at org.codehaus.gant.GantBinding.this$4$withTargetEvent(GantBinding.groovy)
      	at org.codehaus.gant.GantBinding$_initializeGantBinding_closure5_closure16.doCall(GantBinding.groovy:185)
      	at org.codehaus.gant.GantBinding$_initializeGantBinding_closure5_closure16.doCall(GantBinding.groovy)
      	at org.codehaus.gant.GantMetaClass.invokeMethod(GantMetaClass.java:133)
      	at TestApp$_run_closure1.doCall(TestApp.groovy:32)
      	at org.codehaus.gant.GantMetaClass.invokeMethod(GantMetaClass.java:133)
      	at org.codehaus.gant.GantBinding$_initializeGantBinding_closure5_closure16_closure18.doCall(GantBinding.groovy:185)
      	at org.codehaus.gant.GantBinding$_initializeGantBinding_closure5_closure16_closure18.doCall(GantBinding.groovy)
      	at org.codehaus.gant.GantBinding.withTargetEvent(GantBinding.groovy:90)
      	at org.codehaus.gant.GantBinding.this$4$withTargetEvent(GantBinding.groovy)
      	at org.codehaus.gant.GantBinding$_initializeGantBinding_closure5_closure16.doCall(GantBinding.groovy:185)
      	at org.codehaus.gant.GantBinding$_initializeGantBinding_closure5_closure16.doCall(GantBinding.groovy)
      	at gant.Gant$_dispatch_closure5.doCall(Gant.groovy:381)
      	at gant.Gant$_dispatch_closure7.doCall(Gant.groovy:415)
      	at gant.Gant$_dispatch_closure7.doCall(Gant.groovy)
      	at gant.Gant.withBuildListeners(Gant.groovy:427)
      	at gant.Gant.this$2$withBuildListeners(Gant.groovy)
      	at gant.Gant$this$2$withBuildListeners$0.callCurrent(Unknown Source)
      	at gant.Gant.dispatch(Gant.groovy:415)
      	at gant.Gant.this$2$dispatch(Gant.groovy)
      	at gant.Gant.invokeMethod(Gant.groovy)
      	at gant.Gant.executeTargets(Gant.groovy:591)
      	at gant.Gant.executeTargets(Gant.groovy:590)

    When o usuario seleciona o pol&iacute;tico com o cpf "98765432109"                                                    # PoliticoSteps.groovy:107
    Then o sistema exibe os detalhes do pol&iacute;tico com o cpf "98765432109"                                           # PoliticoSteps.groovy:114

  Scenario: Visualizar taxa de atraso de obras de um pol&iacute;tico                              # Politico.feature:47
    Given que o usuario esta no menu de pol&iacute;tico e tem um pol&iacute;tico com o cpf "98765432109" # PoliticoSteps.groovy:125
      geb.driver.DriverCreationException: failed to create driver from callback 'script14671788954231314453061$_run_closure1@32a9def7'
      	at geb.driver.CallbackDriverFactory.getDriver(CallbackDriverFactory.groovy:35)
      	at geb.driver.CachingDriverFactory$_getDriver_closure3.doCall(CachingDriverFactory.groovy:80)
      	at geb.driver.CachingDriverFactory$_getDriver_closure3.doCall(CachingDriverFactory.groovy)
      	at geb.driver.CachingDriverFactory$SimpleCache.get(CachingDriverFactory.groovy:30)
      	at geb.driver.CachingDriverFactory.getDriver(CachingDriverFactory.groovy:79)
      	at geb.Configuration.createDriver(Configuration.groovy:354)
      	at geb.Configuration.getDriver(Configuration.groovy:343)
      	at geb.Browser.getDriver(Browser.groovy:105)
      	at geb.Browser.go(Browser.groovy:394)
      	at geb.Browser$go$3.call(Unknown Source)
      	at geb.Page.to(Page.groovy:184)
      	at geb.Browser.via(Browser.groovy:475)
      	at geb.Browser$via$2.callCurrent(Unknown Source)
      	at geb.Browser.to(Browser.groovy:434)
      	at geb.Browser$to$1.callCurrent(Unknown Source)
      	at geb.Browser.to(Browser.groovy:412)
      	at geb.binding.BindingUpdater$InvocationForwarding.doCall(BindingUpdater.groovy:72)
      	at PoliticoSteps$_run_closure14.doCall(PoliticoSteps.groovy:128)
      	at ✽.Given que o usuario esta no menu de pol&iacute;tico e tem um pol&iacute;tico com o cpf "98765432109"(Politico.feature:48)
      Caused by: java.lang.IllegalStateException: The driver executable does not exist: C:\Users\Preto\Desktop\thay\ObrasPublicas\chromedrivers\chromedrivermac
      	at com.google.common.base.Preconditions.checkState(Preconditions.java:177)
      	at org.openqa.selenium.remote.service.DriverService.checkExecutable(DriverService.java:117)
      	at org.openqa.selenium.remote.service.DriverService.findExecutable(DriverService.java:112)
      	at org.openqa.selenium.chrome.ChromeDriverService.createDefaultService(ChromeDriverService.java:75)
      	at org.openqa.selenium.chrome.ChromeDriver.&lt;init&gt;(ChromeDriver.java:107)
      	at script14671788954231314453061$_run_closure1.doCall(script14671788954231314453061.groovy:8)
      	at script14671788954231314453061$_run_closure1.doCall(script14671788954231314453061.groovy)
      	at geb.driver.CallbackDriverFactory.getDriver(CallbackDriverFactory.groovy:29)
      	at geb.driver.CachingDriverFactory$_getDriver_closure3.doCall(CachingDriverFactory.groovy:80)
      	at geb.driver.CachingDriverFactory$_getDriver_closure3.doCall(CachingDriverFactory.groovy)
      	at geb.driver.CachingDriverFactory$SimpleCache.get(CachingDriverFactory.groovy:30)
      	at geb.driver.CachingDriverFactory.getDriver(CachingDriverFactory.groovy:79)
      	at geb.Configuration.createDriver(Configuration.groovy:354)
      	at geb.Configuration.getDriver(Configuration.groovy:343)
      	at geb.Browser.getDriver(Browser.groovy:105)
      	at geb.Browser.go(Browser.groovy:394)
      	at geb.Browser$go$3.call(Unknown Source)
      	at geb.Page.to(Page.groovy:184)
      	at geb.Browser.via(Browser.groovy:475)
      	at geb.Browser$via$2.callCurrent(Unknown Source)
      	at geb.Browser.to(Browser.groovy:434)
      	at geb.Browser$to$1.callCurrent(Unknown Source)
      	at geb.Browser.to(Browser.groovy:412)
      	at geb.binding.BindingUpdater$InvocationForwarding.doCall(BindingUpdater.groovy:72)
      	at PoliticoSteps$_run_closure14.doCall(PoliticoSteps.groovy:128)
      	at cucumber.runtime.groovy.GroovyBackend.invoke(GroovyBackend.java:155)
      	at cucumber.runtime.groovy.GroovyStepDefinition$1.call(GroovyStepDefinition.java:71)
      	at cucumber.runtime.Timeout.timeout(Timeout.java:13)
      	at cucumber.runtime.groovy.GroovyStepDefinition.execute(GroovyStepDefinition.java:68)
      	at cucumber.runtime.StepDefinitionMatch.runStep(StepDefinitionMatch.java:37)
      	at cucumber.runtime.Runtime.runStep(Runtime.java:298)
      	at cucumber.runtime.model.StepContainer.runStep(StepContainer.java:44)
      	at cucumber.runtime.model.StepContainer.runSteps(StepContainer.java:39)
      	at cucumber.runtime.model.CucumberScenario.run(CucumberScenario.java:48)
      	at cucumber.runtime.model.CucumberFeature.run(CucumberFeature.java:163)
      	at cucumber.runtime.model.CucumberFeature$run$0.call(Unknown Source)
      	at grails.plugin.cucumber.Cucumber$_run_closure2.doCall(Cucumber.groovy:59)
      	at grails.plugin.cucumber.Cucumber.run(Cucumber.groovy:58)
      	at grails.plugin.cucumber.Cucumber$run$1.call(Unknown Source)
      	at grails.plugin.cucumber.CucumberTestType.runFeatures(CucumberTestType.groovy:148)
      	at grails.plugin.cucumber.CucumberTestType.this$3$runFeatures(CucumberTestType.groovy)
      	at grails.plugin.cucumber.CucumberTestType$this$3$runFeatures$3.callCurrent(Unknown Source)
      	at grails.plugin.cucumber.CucumberTestType.doRun(CucumberTestType.groovy:58)
      	at _GrailsTest$_run_closure1.doCall(_GrailsTest.groovy:102)
      	at org.codehaus.gant.GantMetaClass.invokeMethod(GantMetaClass.java:133)
      	at org.codehaus.gant.GantBinding$_initializeGantBinding_closure5_closure16_closure18.doCall(GantBinding.groovy:185)
      	at org.codehaus.gant.GantBinding$_initializeGantBinding_closure5_closure16_closure18.doCall(GantBinding.groovy)
      	at org.codehaus.gant.GantBinding.withTargetEvent(GantBinding.groovy:90)
      	at org.codehaus.gant.GantBinding.this$4$withTargetEvent(GantBinding.groovy)
      	at org.codehaus.gant.GantBinding$_initializeGantBinding_closure5_closure16.doCall(GantBinding.groovy:185)
      	at org.codehaus.gant.GantBinding$_initializeGantBinding_closure5_closure16.doCall(GantBinding.groovy)
      	at org.codehaus.gant.GantMetaClass.invokeMethod(GantMetaClass.java:133)
      	at TestApp$_run_closure1.doCall(TestApp.groovy:32)
      	at org.codehaus.gant.GantMetaClass.invokeMethod(GantMetaClass.java:133)
      	at org.codehaus.gant.GantBinding$_initializeGantBinding_closure5_closure16_closure18.doCall(GantBinding.groovy:185)
      	at org.codehaus.gant.GantBinding$_initializeGantBinding_closure5_closure16_closure18.doCall(GantBinding.groovy)
      	at org.codehaus.gant.GantBinding.withTargetEvent(GantBinding.groovy:90)
      	at org.codehaus.gant.GantBinding.this$4$withTargetEvent(GantBinding.groovy)
      	at org.codehaus.gant.GantBinding$_initializeGantBinding_closure5_closure16.doCall(GantBinding.groovy:185)
      	at org.codehaus.gant.GantBinding$_initializeGantBinding_closure5_closure16.doCall(GantBinding.groovy)
      	at gant.Gant$_dispatch_closure5.doCall(Gant.groovy:381)
      	at gant.Gant$_dispatch_closure7.doCall(Gant.groovy:415)
      	at gant.Gant$_dispatch_closure7.doCall(Gant.groovy)
      	at gant.Gant.withBuildListeners(Gant.groovy:427)
      	at gant.Gant.this$2$withBuildListeners(Gant.groovy)
      	at gant.Gant$this$2$withBuildListeners$0.callCurrent(Unknown Source)
      	at gant.Gant.dispatch(Gant.groovy:415)
      	at gant.Gant.this$2$dispatch(Gant.groovy)
      	at gant.Gant.invokeMethod(Gant.groovy)
      	at gant.Gant.executeTargets(Gant.groovy:591)
      	at gant.Gant.executeTargets(Gant.groovy:590)

    And existe "2" obra associada ao pol&iacute;tico com o cpf "98765432109"                      # PoliticoSteps.groovy:131
    And existe "1" obra atrasada associada ao pol&iacute;tico com cpf "98765432109"
    When o usu&aacute;rio seleciona a op&ccedil;ao de taxa de atraso                                     # PoliticoSteps.groovy:152
    Then ele visualizar&aacute; "50" % como sendo a taxa de atraso                                # PoliticoSteps.groovy:156
</pre>
</div>
<div class="syserr">
<h2>System error</h2>
<pre class="syserr">
--Output from Adicionar politico nao existente--
--Output from Adicionar politico existente--
--Output from Atualizar o id de um politico--
--Output from Remover pol&iacute;tico existente--
--Output from Novo pol&iacute;tico--
--Output from Editar informa&ccedil;&otilde;es de um politico--
--Output from Visualizar pol&iacute;tico--
--Output from Visualizar taxa de atraso de obras de um pol&iacute;tico--</pre>
</div>
</div>
<div class="clear"></div>
</div>
<div class="testsuite error">
<div class="header">
<h2>Obra</h2>
<h3>
                        Executed
                        16
                        tests
                    
                        with
                        3 errors
                        .
                    </h3>
</div>
<div class="testcase clearfix success grid_8 alpha omega" data-name="Adicionar obra nao existente">
<div class="grid_3 alpha">
<p>
<span class="icon success"></span><b class="testname message success">Adicionar obra nao existente</b>
</p>
<p class="summary">Executed in 0.901 seconds.</p>
</div>
<div class="grid_5 omega outputinfo"></div>
<div class="clear"></div>
</div>
<div class="testcase clearfix success grid_8 alpha omega" data-name="Buscar percentual de obras atrasadas">
<div class="grid_3 alpha">
<p>
<span class="icon success"></span><b class="testname message success">Buscar percentual de obras atrasadas</b>
</p>
<p class="summary">Executed in 0.11 seconds.</p>
</div>
<div class="grid_5 omega outputinfo"></div>
<div class="clear"></div>
</div>
<div class="testcase clearfix success grid_8 alpha omega" data-name="Buscar percentual de obras com orcamento estourado">
<div class="grid_3 alpha">
<p>
<span class="icon success"></span><b class="testname message success">Buscar percentual de obras com orcamento estourado</b>
</p>
<p class="summary">Executed in 0.131 seconds.</p>
</div>
<div class="grid_5 omega outputinfo"></div>
<div class="clear"></div>
</div>
<div class="testcase clearfix success grid_8 alpha omega" data-name="Adicionar obra existente">
<div class="grid_3 alpha">
<p>
<span class="icon success"></span><b class="testname message success">Adicionar obra existente</b>
</p>
<p class="summary">Executed in 0.192 seconds.</p>
</div>
<div class="grid_5 omega outputinfo"></div>
<div class="clear"></div>
</div>
<div class="testcase clearfix success grid_8 alpha omega" data-name="Atualizar obra">
<div class="grid_3 alpha">
<p>
<span class="icon success"></span><b class="testname message success">Atualizar obra</b>
</p>
<p class="summary">Executed in 0.179 seconds.</p>
</div>
<div class="grid_5 omega outputinfo"></div>
<div class="clear"></div>
</div>
<div class="testcase clearfix success grid_8 alpha omega" data-name="Remover obra existente">
<div class="grid_3 alpha">
<p>
<span class="icon success"></span><b class="testname message success">Remover obra existente</b>
</p>
<p class="summary">Executed in 0.175 seconds.</p>
</div>
<div class="grid_5 omega outputinfo"></div>
<div class="clear"></div>
</div>
<div class="testcase clearfix success grid_8 alpha omega" data-name="Verificar status andamento obra">
<div class="grid_3 alpha">
<p>
<span class="icon success"></span><b class="testname message success">Verificar status andamento obra</b>
</p>
<p class="summary">Executed in 0.142 seconds.</p>
</div>
<div class="grid_5 omega outputinfo"></div>
<div class="clear"></div>
</div>
<div class="testcase clearfix success grid_8 alpha omega" data-name="Adicionar obra com data de termino anterior a data de in&iacute;cio">
<div class="grid_3 alpha">
<p>
<span class="icon success"></span><b class="testname message success">Adicionar obra com data de termino anterior a data de in&iacute;cio</b>
</p>
<p class="summary">Executed in 0.19 seconds.</p>
</div>
<div class="grid_5 omega outputinfo"></div>
<div class="clear"></div>
</div>
<div class="testcase clearfix success grid_8 alpha omega" data-name="Adicionar obra com data de termino anterior a data corrente">
<div class="grid_3 alpha">
<p>
<span class="icon success"></span><b class="testname message success">Adicionar obra com data de termino anterior a data corrente</b>
</p>
<p class="summary">Executed in 0.196 seconds.</p>
</div>
<div class="grid_5 omega outputinfo"></div>
<div class="clear"></div>
</div>
<div class="testcase clearfix success grid_8 alpha omega" data-name="Atualizar nome de obra com nome j&aacute; existente">
<div class="grid_3 alpha">
<p>
<span class="icon success"></span><b class="testname message success">Atualizar nome de obra com nome j&aacute; existente</b>
</p>
<p class="summary">Executed in 0.153 seconds.</p>
</div>
<div class="grid_5 omega outputinfo"></div>
<div class="clear"></div>
</div>
<div class="testcase clearfix success grid_8 alpha omega" data-name="Adicionar obra de um politico inexistente">
<div class="grid_3 alpha">
<p>
<span class="icon success"></span><b class="testname message success">Adicionar obra de um politico inexistente</b>
</p>
<p class="summary">Executed in 0.144 seconds.</p>
</div>
<div class="grid_5 omega outputinfo"></div>
<div class="clear"></div>
</div>
<div class="testcase clearfix success grid_8 alpha omega" data-name="Devolver a taxa de obras atrasadas de um determinado pol&iacute;tico">
<div class="grid_3 alpha">
<p>
<span class="icon success"></span><b class="testname message success">Devolver a taxa de obras atrasadas de um determinado pol&iacute;tico</b>
</p>
<p class="summary">Executed in 0.114 seconds.</p>
</div>
<div class="grid_5 omega outputinfo"></div>
<div class="clear"></div>
</div>
<div class="testcase clearfix success grid_8 alpha omega" data-name="Devolver a taxa de obras com or&ccedil;amentos estourados de um determinado pol&iacute;tico">
<div class="grid_3 alpha">
<p>
<span class="icon success"></span><b class="testname message success">Devolver a taxa de obras com or&ccedil;amentos estourados de um determinado pol&iacute;tico</b>
</p>
<p class="summary">Executed in 0.105 seconds.</p>
</div>
<div class="grid_5 omega outputinfo"></div>
<div class="clear"></div>
</div>
<div class="testcase clearfix error grid_8 alpha omega" data-name="Receber atualizacoes da obra por email">
<div class="grid_3 alpha">
<p>
<span class="icon error"></span><b class="testname message error">Receber atualizacoes da obra por email</b>
</p>
<p class="summary">Executed in 0.271 seconds.</p>
</div>
<div class="grid_5 omega outputinfo">
<div class="details">
<p>
<b class="message">failed to create driver from callback 'script14671788939311314453061$_run_closure1@6baf91c8'</b>
</p>
<pre>geb.driver.DriverCreationException: failed to create driver from callback 'script14671788939311314453061$_run_closure1@6baf91c8'
	at geb.driver.CallbackDriverFactory.getDriver(CallbackDriverFactory.groovy:35)
	at geb.driver.CachingDriverFactory$_getDriver_closure3.doCall(CachingDriverFactory.groovy:80)
	at geb.driver.CachingDriverFactory$SimpleCache.get(CachingDriverFactory.groovy:30)
	at geb.driver.CachingDriverFactory.getDriver(CachingDriverFactory.groovy:79)
	at geb.Configuration.createDriver(Configuration.groovy:354)
	at geb.Configuration.getDriver(Configuration.groovy:343)
	at geb.Browser.getDriver(Browser.groovy:105)
	at geb.Browser.go(Browser.groovy:394)
	at geb.Page.to(Page.groovy:184)
	at geb.Browser.via(Browser.groovy:475)
	at geb.Browser.to(Browser.groovy:434)
	at geb.Browser.to(Browser.groovy:412)
	at geb.binding.BindingUpdater$InvocationForwarding.doCall(BindingUpdater.groovy:72)
	at ObraSteps$_run_closure15.doCall(ObraSteps.groovy:141)
	at ✽.Given eu estou visualizando a obra "Praca do arsenal"(Obra.feature:80)
Caused by: java.lang.IllegalStateException: The driver executable does not exist: C:\Users\Preto\Desktop\thay\ObrasPublicas\chromedrivers\chromedrivermac
	at com.google.common.base.Preconditions.checkState(Preconditions.java:177)
	at org.openqa.selenium.remote.service.DriverService.checkExecutable(DriverService.java:117)
	at org.openqa.selenium.remote.service.DriverService.findExecutable(DriverService.java:112)
	at org.openqa.selenium.chrome.ChromeDriverService.createDefaultService(ChromeDriverService.java:75)
	at org.openqa.selenium.chrome.ChromeDriver.&lt;init&gt;(ChromeDriver.java:107)
	at script14671788939311314453061$_run_closure1.doCall(script14671788939311314453061.groovy:8)
	at geb.driver.CallbackDriverFactory.getDriver(CallbackDriverFactory.groovy:29)
	at geb.driver.CachingDriverFactory$_getDriver_closure3.doCall(CachingDriverFactory.groovy:80)
	at geb.driver.CachingDriverFactory$SimpleCache.get(CachingDriverFactory.groovy:30)
	at geb.driver.CachingDriverFactory.getDriver(CachingDriverFactory.groovy:79)
	at geb.Configuration.createDriver(Configuration.groovy:354)
	at geb.Configuration.getDriver(Configuration.groovy:343)
	at geb.Browser.getDriver(Browser.groovy:105)
	at geb.Browser.go(Browser.groovy:394)
	at geb.Page.to(Page.groovy:184)
	at geb.Browser.via(Browser.groovy:475)
	at geb.Browser.to(Browser.groovy:434)
	at geb.Browser.to(Browser.groovy:412)
	at geb.binding.BindingUpdater$InvocationForwarding.doCall(BindingUpdater.groovy:72)
	at ObraSteps$_run_closure15.doCall(ObraSteps.groovy:141)
	at cucumber.runtime.groovy.GroovyBackend.invoke(GroovyBackend.java:155)
	at cucumber.runtime.groovy.GroovyStepDefinition$1.call(GroovyStepDefinition.java:71)
	at cucumber.runtime.Timeout.timeout(Timeout.java:13)
	at cucumber.runtime.groovy.GroovyStepDefinition.execute(GroovyStepDefinition.java:68)
	at cucumber.runtime.StepDefinitionMatch.runStep(StepDefinitionMatch.java:37)
	at cucumber.runtime.Runtime.runStep(Runtime.java:298)
	at cucumber.runtime.model.StepContainer.runStep(StepContainer.java:44)
	at cucumber.runtime.model.StepContainer.runSteps(StepContainer.java:39)
	at cucumber.runtime.model.CucumberScenario.run(CucumberScenario.java:48)
	at cucumber.runtime.model.CucumberFeature.run(CucumberFeature.java:163)
	at grails.plugin.cucumber.Cucumber$_run_closure2.doCall(Cucumber.groovy:59)
	at grails.plugin.cucumber.Cucumber.run(Cucumber.groovy:58)
	at grails.plugin.cucumber.CucumberTestType.runFeatures(CucumberTestType.groovy:148)
	at grails.plugin.cucumber.CucumberTestType.doRun(CucumberTestType.groovy:58)
	at _GrailsTest$_run_closure1.doCall(_GrailsTest.groovy:102)
	at TestApp$_run_closure1.doCall(TestApp.groovy:32)
</pre>
</div>
</div>
<div class="clear"></div>
</div>
<div class="testcase clearfix error grid_8 alpha omega" data-name="Visualizar obra">
<div class="grid_3 alpha">
<p>
<span class="icon error"></span><b class="testname message error">Visualizar obra</b>
</p>
<p class="summary">Executed in 0.119 seconds.</p>
</div>
<div class="grid_5 omega outputinfo">
<div class="details">
<p>
<b class="message">failed to create driver from callback 'script14671788942171314453061$_run_closure1@730b0554'</b>
</p>
<pre>geb.driver.DriverCreationException: failed to create driver from callback 'script14671788942171314453061$_run_closure1@730b0554'
	at geb.driver.CallbackDriverFactory.getDriver(CallbackDriverFactory.groovy:35)
	at geb.driver.CachingDriverFactory$_getDriver_closure3.doCall(CachingDriverFactory.groovy:80)
	at geb.driver.CachingDriverFactory$SimpleCache.get(CachingDriverFactory.groovy:30)
	at geb.driver.CachingDriverFactory.getDriver(CachingDriverFactory.groovy:79)
	at geb.Configuration.createDriver(Configuration.groovy:354)
	at geb.Configuration.getDriver(Configuration.groovy:343)
	at geb.Browser.getDriver(Browser.groovy:105)
	at geb.Browser.go(Browser.groovy:394)
	at geb.Page.to(Page.groovy:184)
	at geb.Browser.via(Browser.groovy:475)
	at geb.Browser.to(Browser.groovy:434)
	at geb.Browser.to(Browser.groovy:412)
	at geb.binding.BindingUpdater$InvocationForwarding.doCall(BindingUpdater.groovy:72)
	at ObraSteps$_run_closure12.doCall(ObraSteps.groovy:111)
	at ✽.Given que o usuario esta no menu de obras e quer visualizar os detalhes da obra "Praca do arsenal"(Obra.feature:86)
Caused by: java.lang.IllegalStateException: The driver executable does not exist: C:\Users\Preto\Desktop\thay\ObrasPublicas\chromedrivers\chromedrivermac
	at com.google.common.base.Preconditions.checkState(Preconditions.java:177)
	at org.openqa.selenium.remote.service.DriverService.checkExecutable(DriverService.java:117)
	at org.openqa.selenium.remote.service.DriverService.findExecutable(DriverService.java:112)
	at org.openqa.selenium.chrome.ChromeDriverService.createDefaultService(ChromeDriverService.java:75)
	at org.openqa.selenium.chrome.ChromeDriver.&lt;init&gt;(ChromeDriver.java:107)
	at script14671788942171314453061$_run_closure1.doCall(script14671788942171314453061.groovy:8)
	at geb.driver.CallbackDriverFactory.getDriver(CallbackDriverFactory.groovy:29)
	at geb.driver.CachingDriverFactory$_getDriver_closure3.doCall(CachingDriverFactory.groovy:80)
	at geb.driver.CachingDriverFactory$SimpleCache.get(CachingDriverFactory.groovy:30)
	at geb.driver.CachingDriverFactory.getDriver(CachingDriverFactory.groovy:79)
	at geb.Configuration.createDriver(Configuration.groovy:354)
	at geb.Configuration.getDriver(Configuration.groovy:343)
	at geb.Browser.getDriver(Browser.groovy:105)
	at geb.Browser.go(Browser.groovy:394)
	at geb.Page.to(Page.groovy:184)
	at geb.Browser.via(Browser.groovy:475)
	at geb.Browser.to(Browser.groovy:434)
	at geb.Browser.to(Browser.groovy:412)
	at geb.binding.BindingUpdater$InvocationForwarding.doCall(BindingUpdater.groovy:72)
	at ObraSteps$_run_closure12.doCall(ObraSteps.groovy:111)
	at cucumber.runtime.groovy.GroovyBackend.invoke(GroovyBackend.java:155)
	at cucumber.runtime.groovy.GroovyStepDefinition$1.call(GroovyStepDefinition.java:71)
	at cucumber.runtime.Timeout.timeout(Timeout.java:13)
	at cucumber.runtime.groovy.GroovyStepDefinition.execute(GroovyStepDefinition.java:68)
	at cucumber.runtime.StepDefinitionMatch.runStep(StepDefinitionMatch.java:37)
	at cucumber.runtime.Runtime.runStep(Runtime.java:298)
	at cucumber.runtime.model.StepContainer.runStep(StepContainer.java:44)
	at cucumber.runtime.model.StepContainer.runSteps(StepContainer.java:39)
	at cucumber.runtime.model.CucumberScenario.run(CucumberScenario.java:48)
	at cucumber.runtime.model.CucumberFeature.run(CucumberFeature.java:163)
	at grails.plugin.cucumber.Cucumber$_run_closure2.doCall(Cucumber.groovy:59)
	at grails.plugin.cucumber.Cucumber.run(Cucumber.groovy:58)
	at grails.plugin.cucumber.CucumberTestType.runFeatures(CucumberTestType.groovy:148)
	at grails.plugin.cucumber.CucumberTestType.doRun(CucumberTestType.groovy:58)
	at _GrailsTest$_run_closure1.doCall(_GrailsTest.groovy:102)
	at TestApp$_run_closure1.doCall(TestApp.groovy:32)
</pre>
</div>
</div>
<div class="clear"></div>
</div>
<div class="testcase clearfix error grid_8 alpha omega" data-name="Nova pagina de obra">
<div class="grid_3 alpha">
<p>
<span class="icon error"></span><b class="testname message error">Nova pagina de obra</b>
</p>
<p class="summary">Executed in 0.013 seconds.</p>
</div>
<div class="grid_5 omega outputinfo">
<div class="details">
<p>
<b class="message">failed to create driver from callback 'script14671788943351314453061$_run_closure1@716caf3f'</b>
</p>
<pre>geb.driver.DriverCreationException: failed to create driver from callback 'script14671788943351314453061$_run_closure1@716caf3f'
	at geb.driver.CallbackDriverFactory.getDriver(CallbackDriverFactory.groovy:35)
	at geb.driver.CachingDriverFactory$_getDriver_closure3.doCall(CachingDriverFactory.groovy:80)
	at geb.driver.CachingDriverFactory$SimpleCache.get(CachingDriverFactory.groovy:30)
	at geb.driver.CachingDriverFactory.getDriver(CachingDriverFactory.groovy:79)
	at geb.Configuration.createDriver(Configuration.groovy:354)
	at geb.Configuration.getDriver(Configuration.groovy:343)
	at geb.Browser.getDriver(Browser.groovy:105)
	at geb.Browser.go(Browser.groovy:394)
	at geb.Page.to(Page.groovy:184)
	at geb.Browser.via(Browser.groovy:475)
	at geb.Browser.to(Browser.groovy:434)
	at geb.Browser.to(Browser.groovy:412)
	at geb.binding.BindingUpdater$InvocationForwarding.doCall(BindingUpdater.groovy:72)
	at ObraSteps$_run_closure38.doCall(ObraSteps.groovy:337)
	at ✽.Given eu estou no menu de obras e nao existe uma obra com nome "Praca do Arsenal" na lista de obras(Obra.feature:91)
Caused by: java.lang.IllegalStateException: The driver executable does not exist: C:\Users\Preto\Desktop\thay\ObrasPublicas\chromedrivers\chromedrivermac
	at com.google.common.base.Preconditions.checkState(Preconditions.java:177)
	at org.openqa.selenium.remote.service.DriverService.checkExecutable(DriverService.java:117)
	at org.openqa.selenium.remote.service.DriverService.findExecutable(DriverService.java:112)
	at org.openqa.selenium.chrome.ChromeDriverService.createDefaultService(ChromeDriverService.java:75)
	at org.openqa.selenium.chrome.ChromeDriver.&lt;init&gt;(ChromeDriver.java:107)
	at script14671788943351314453061$_run_closure1.doCall(script14671788943351314453061.groovy:8)
	at geb.driver.CallbackDriverFactory.getDriver(CallbackDriverFactory.groovy:29)
	at geb.driver.CachingDriverFactory$_getDriver_closure3.doCall(CachingDriverFactory.groovy:80)
	at geb.driver.CachingDriverFactory$SimpleCache.get(CachingDriverFactory.groovy:30)
	at geb.driver.CachingDriverFactory.getDriver(CachingDriverFactory.groovy:79)
	at geb.Configuration.createDriver(Configuration.groovy:354)
	at geb.Configuration.getDriver(Configuration.groovy:343)
	at geb.Browser.getDriver(Browser.groovy:105)
	at geb.Browser.go(Browser.groovy:394)
	at geb.Page.to(Page.groovy:184)
	at geb.Browser.via(Browser.groovy:475)
	at geb.Browser.to(Browser.groovy:434)
	at geb.Browser.to(Browser.groovy:412)
	at geb.binding.BindingUpdater$InvocationForwarding.doCall(BindingUpdater.groovy:72)
	at ObraSteps$_run_closure38.doCall(ObraSteps.groovy:337)
	at cucumber.runtime.groovy.GroovyBackend.invoke(GroovyBackend.java:155)
	at cucumber.runtime.groovy.GroovyStepDefinition$1.call(GroovyStepDefinition.java:71)
	at cucumber.runtime.Timeout.timeout(Timeout.java:13)
	at cucumber.runtime.groovy.GroovyStepDefinition.execute(GroovyStepDefinition.java:68)
	at cucumber.runtime.StepDefinitionMatch.runStep(StepDefinitionMatch.java:37)
	at cucumber.runtime.Runtime.runStep(Runtime.java:298)
	at cucumber.runtime.model.StepContainer.runStep(StepContainer.java:44)
	at cucumber.runtime.model.StepContainer.runSteps(StepContainer.java:39)
	at cucumber.runtime.model.CucumberScenario.run(CucumberScenario.java:48)
	at cucumber.runtime.model.CucumberFeature.run(CucumberFeature.java:163)
	at grails.plugin.cucumber.Cucumber$_run_closure2.doCall(Cucumber.groovy:59)
	at grails.plugin.cucumber.Cucumber.run(Cucumber.groovy:58)
	at grails.plugin.cucumber.CucumberTestType.runFeatures(CucumberTestType.groovy:148)
	at grails.plugin.cucumber.CucumberTestType.doRun(CucumberTestType.groovy:58)
	at _GrailsTest$_run_closure1.doCall(_GrailsTest.groovy:102)
	at TestApp$_run_closure1.doCall(TestApp.groovy:32)
</pre>
</div>
</div>
<div class="clear"></div>
</div>
<div class="clearfix output footer">
<div class="sysout">
<h2>Standard output</h2>
<pre class="stdout">Feature: Obra
  As a usuario do sistema
  I want to adicionar, remover, modificar e visualizar obras no sistema
  So That eu posso gerar paginas web para exibir informacoes sobre a obra

--Output from Adicionar obra nao existente--
--Output from Buscar percentual de obras atrasadas--
  #CONTROLLER
  Scenario: Adicionar obra nao existente                            # Obra.feature:7
    Given que o sistema nao tem uma obra chamada "Praca do arsenal" # ObraSteps.groovy:18
    When eu tentar cadastrar uma obra com o nome "Praca do arsenal" # ObraSteps.groovy:25
    Then o sistema ira cadastrar a obra de nome "Praca do arsenal"  # ObraSteps.groovy:30

--Output from Buscar percentual de obras com orcamento estourado--
  Scenario: Buscar percentual de obras atrasadas        # Obra.feature:12
    Given que o sistema tem uma lista de "4" Obras      # ObraSteps.groovy:62
    And o sistema tem "3" obra atrasada                 # ObraSteps.groovy:68
    Then o percentual de atrasos sera de "75" por cento # ObraSteps.groovy:74

--Output from Adicionar obra existente--
  Scenario: Buscar percentual de obras com orcamento estourado         # Obra.feature:17
    Given que o sistema tem uma lista de "4" Obras com seus orcamentos # ObraSteps.groovy:83
    And o sistema tem "3" obra com orcamento estourado                 # ObraSteps.groovy:89
    Then o percentual de orcamento estourado sera de "75" por cento    # ObraSteps.groovy:95

--Output from Atualizar obra--
  Scenario: Adicionar obra existente                                   # Obra.feature:22
    Given que o sistema tem uma obra chamada "Praca do arsenal"        # ObraSteps.groovy:44
    When eu tentar cadastrar uma obra com o nome "Praca do arsenal"    # ObraSteps.groovy:25
    Then o sistema nao ira cadastrar a obra de nome "Praca do arsenal" # ObraSteps.groovy:51

--Output from Remover obra existente--
  Scenario: Atualizar obra                                                  # Obra.feature:27
    Given que o sistema tem uma obra chamada "Praca do arsenal"             # ObraSteps.groovy:44
    When eu tentar atualizar os dados da obra com o nome "Praca do arsenal" # ObraSteps.groovy:174
    Then o sistema atualiza a obra com o nome "Praca do arsenal"            # ObraSteps.groovy:178

--Output from Verificar status andamento obra--
  Scenario: Remover obra existente                                # Obra.feature:32
    Given que o sistema tem uma obra chamada "Praca do arsenal"   # ObraSteps.groovy:44
    When eu tentar remover a obra com o nome "Praca do arsenal"   # ObraSteps.groovy:288
    Then o sistema ira remover a obra com nome "Praca do arsenal" # ObraSteps.groovy:293

--Output from Adicionar obra com data de termino anterior a data de in&iacute;cio--
  Scenario: Verificar status andamento obra                                                                   # Obra.feature:37
    Given que o sistema tem uma obra chamada "Praca do arsenal" que esta atrasada mas esta com status "emDia" # ObraSteps.groovy:305
    When eu tentar verificar o status da obra com o nome "Praca do arsenal"                                   # ObraSteps.groovy:312
    Then o sistema ira atualizar obra com nome "Praca do arsenal" para "atrasada"                             # ObraSteps.groovy:317

--Output from Adicionar obra com data de termino anterior a data corrente--
  Scenario: Adicionar obra com data de termino anterior a data de in&iacute;cio         # Obra.feature:42
    Given que o sistema nao tem uma obra chamada "Praca do arsenal"              # ObraSteps.groovy:18
    When eu tentar cadastrar uma obra com o nome "Praca do arsenal"              # ObraSteps.groovy:25
    And insiro a data inicial "12 October 2017" e a data final "12 October 2013" # ObraSteps.groovy:189
    Then o sistema nao ira cadastrar a obra de nome "Praca do arsenal"           # ObraSteps.groovy:51

--Output from Atualizar nome de obra com nome j&aacute; existente--
  Scenario: Adicionar obra com data de termino anterior a data corrente # Obra.feature:48
    Given que o sistema nao tem uma obra chamada "Praca do arsenal"     # ObraSteps.groovy:18
    When eu tentar cadastrar uma obra com o nome "Praca do arsenal"     # ObraSteps.groovy:25
    And insiro a data final "12 October 2013"                           # ObraSteps.groovy:199
    Then o sistema nao ira cadastrar a obra de nome "Praca do arsenal"  # ObraSteps.groovy:51

--Output from Adicionar obra de um politico inexistente--
  Scenario: Atualizar nome de obra com nome j&aacute; existente                                   # Obra.feature:54
    Given que o sistema tem uma obra chamada "Praca do arsenal"                            # ObraSteps.groovy:44
    And tem uma obra com o nome "Ilha do Retiro"                                           # ObraSteps.groovy:209
    When eu tentar atualizar o nome da obra "Praca do arsenal" com o nome "Ilha do Retiro" # ObraSteps.groovy:214
    Then o sistema n&atilde;o atualiza a obra com o novo nome "Ilha do Retiro"                    # ObraSteps.groovy:219

--Output from Devolver a taxa de obras atrasadas de um determinado pol&iacute;tico--
  Scenario: Adicionar obra de um politico inexistente                  # Obra.feature:60
    Given que o sistema nao tem uma obra chamada "Praca do arsenal"    # ObraSteps.groovy:18
    And n&atilde;o existe um politico com o cpf "11122233344"                 # ObraSteps.groovy:230
    When eu tentar cadastrar uma obra com o nome "Praca do arsenal"    # ObraSteps.groovy:25
    Then o sistema nao ira cadastrar a obra de nome "Praca do arsenal" # ObraSteps.groovy:51

--Output from Devolver a taxa de obras com or&ccedil;amentos estourados de um determinado pol&iacute;tico--
  Scenario: Devolver a taxa de obras atrasadas de um determinado pol&iacute;tico                            # Obra.feature:66
    Given que o sistema tem um politico com o cpf "98765432109"                                      # ObraSteps.groovy:241
    And o sistema tem "2" obras associada ao politico com o cpf "98765432109"                        # ObraSteps.groovy:247
    And o sistema tem "1" obra atrasada associada ao politico com o cpf "98765432109"                # ObraSteps.groovy:252
    Then o percentual de obras atrasadas para o politico com o cpf "98765432109" &eacute; de "50" por cento # ObraSteps.groovy:257

--Output from Receber atualizacoes da obra por email--
  Scenario: Devolver a taxa de obras com or&ccedil;amentos estourados de um determinado pol&iacute;tico                          # Obra.feature:72
    Given que o sistema tem um politico com o cpf "98765432109"                                                    # ObraSteps.groovy:241
    And o sistema tem "2" obras associada ao politico com o cpf "98765432109"                                      # ObraSteps.groovy:247
    And o sistema tem "1" obra com or&ccedil;amento estourado associada ao politico com o cpf "98765432109"               # ObraSteps.groovy:268
    Then o percentual de obras com orcamento estourado para o politico com o cpf "98765432109" &eacute; de "50" por cento # ObraSteps.groovy:273

--Output from Visualizar obra--
  #GUI
  Scenario: Receber atualizacoes da obra por email                                                       # Obra.feature:79
    Given eu estou visualizando a obra "Praca do arsenal"                                                # ObraSteps.groovy:138
      geb.driver.DriverCreationException: failed to create driver from callback 'script14671788939311314453061$_run_closure1@6baf91c8'
      	at geb.driver.CallbackDriverFactory.getDriver(CallbackDriverFactory.groovy:35)
      	at geb.driver.CachingDriverFactory$_getDriver_closure3.doCall(CachingDriverFactory.groovy:80)
      	at geb.driver.CachingDriverFactory$_getDriver_closure3.doCall(CachingDriverFactory.groovy)
      	at geb.driver.CachingDriverFactory$SimpleCache.get(CachingDriverFactory.groovy:30)
      	at geb.driver.CachingDriverFactory.getDriver(CachingDriverFactory.groovy:79)
      	at geb.Configuration.createDriver(Configuration.groovy:354)
      	at geb.Configuration.getDriver(Configuration.groovy:343)
      	at geb.Browser.getDriver(Browser.groovy:105)
      	at geb.Browser.go(Browser.groovy:394)
      	at geb.Browser$go$3.call(Unknown Source)
      	at geb.Page.to(Page.groovy:184)
      	at geb.Browser.via(Browser.groovy:475)
      	at geb.Browser$via$2.callCurrent(Unknown Source)
      	at geb.Browser.to(Browser.groovy:434)
      	at geb.Browser$to$1.callCurrent(Unknown Source)
      	at geb.Browser.to(Browser.groovy:412)
      	at geb.binding.BindingUpdater$InvocationForwarding.doCall(BindingUpdater.groovy:72)
      	at ObraSteps$_run_closure15.doCall(ObraSteps.groovy:141)
      	at ✽.Given eu estou visualizando a obra "Praca do arsenal"(Obra.feature:80)
      Caused by: java.lang.IllegalStateException: The driver executable does not exist: C:\Users\Preto\Desktop\thay\ObrasPublicas\chromedrivers\chromedrivermac
      	at com.google.common.base.Preconditions.checkState(Preconditions.java:177)
      	at org.openqa.selenium.remote.service.DriverService.checkExecutable(DriverService.java:117)
      	at org.openqa.selenium.remote.service.DriverService.findExecutable(DriverService.java:112)
      	at org.openqa.selenium.chrome.ChromeDriverService.createDefaultService(ChromeDriverService.java:75)
      	at org.openqa.selenium.chrome.ChromeDriver.&lt;init&gt;(ChromeDriver.java:107)
      	at script14671788939311314453061$_run_closure1.doCall(script14671788939311314453061.groovy:8)
      	at script14671788939311314453061$_run_closure1.doCall(script14671788939311314453061.groovy)
      	at geb.driver.CallbackDriverFactory.getDriver(CallbackDriverFactory.groovy:29)
      	at geb.driver.CachingDriverFactory$_getDriver_closure3.doCall(CachingDriverFactory.groovy:80)
      	at geb.driver.CachingDriverFactory$_getDriver_closure3.doCall(CachingDriverFactory.groovy)
      	at geb.driver.CachingDriverFactory$SimpleCache.get(CachingDriverFactory.groovy:30)
      	at geb.driver.CachingDriverFactory.getDriver(CachingDriverFactory.groovy:79)
      	at geb.Configuration.createDriver(Configuration.groovy:354)
      	at geb.Configuration.getDriver(Configuration.groovy:343)
      	at geb.Browser.getDriver(Browser.groovy:105)
      	at geb.Browser.go(Browser.groovy:394)
      	at geb.Browser$go$3.call(Unknown Source)
      	at geb.Page.to(Page.groovy:184)
      	at geb.Browser.via(Browser.groovy:475)
      	at geb.Browser$via$2.callCurrent(Unknown Source)
      	at geb.Browser.to(Browser.groovy:434)
      	at geb.Browser$to$1.callCurrent(Unknown Source)
      	at geb.Browser.to(Browser.groovy:412)
      	at geb.binding.BindingUpdater$InvocationForwarding.doCall(BindingUpdater.groovy:72)
      	at ObraSteps$_run_closure15.doCall(ObraSteps.groovy:141)
      	at cucumber.runtime.groovy.GroovyBackend.invoke(GroovyBackend.java:155)
      	at cucumber.runtime.groovy.GroovyStepDefinition$1.call(GroovyStepDefinition.java:71)
      	at cucumber.runtime.Timeout.timeout(Timeout.java:13)
      	at cucumber.runtime.groovy.GroovyStepDefinition.execute(GroovyStepDefinition.java:68)
      	at cucumber.runtime.StepDefinitionMatch.runStep(StepDefinitionMatch.java:37)
      	at cucumber.runtime.Runtime.runStep(Runtime.java:298)
      	at cucumber.runtime.model.StepContainer.runStep(StepContainer.java:44)
      	at cucumber.runtime.model.StepContainer.runSteps(StepContainer.java:39)
      	at cucumber.runtime.model.CucumberScenario.run(CucumberScenario.java:48)
      	at cucumber.runtime.model.CucumberFeature.run(CucumberFeature.java:163)
      	at cucumber.runtime.model.CucumberFeature$run$0.call(Unknown Source)
      	at grails.plugin.cucumber.Cucumber$_run_closure2.doCall(Cucumber.groovy:59)
      	at grails.plugin.cucumber.Cucumber.run(Cucumber.groovy:58)
      	at grails.plugin.cucumber.Cucumber$run$1.call(Unknown Source)
      	at grails.plugin.cucumber.CucumberTestType.runFeatures(CucumberTestType.groovy:148)
      	at grails.plugin.cucumber.CucumberTestType.this$3$runFeatures(CucumberTestType.groovy)
      	at grails.plugin.cucumber.CucumberTestType$this$3$runFeatures$3.callCurrent(Unknown Source)
      	at grails.plugin.cucumber.CucumberTestType.doRun(CucumberTestType.groovy:58)
      	at _GrailsTest$_run_closure1.doCall(_GrailsTest.groovy:102)
      	at org.codehaus.gant.GantMetaClass.invokeMethod(GantMetaClass.java:133)
      	at org.codehaus.gant.GantBinding$_initializeGantBinding_closure5_closure16_closure18.doCall(GantBinding.groovy:185)
      	at org.codehaus.gant.GantBinding$_initializeGantBinding_closure5_closure16_closure18.doCall(GantBinding.groovy)
      	at org.codehaus.gant.GantBinding.withTargetEvent(GantBinding.groovy:90)
      	at org.codehaus.gant.GantBinding.this$4$withTargetEvent(GantBinding.groovy)
      	at org.codehaus.gant.GantBinding$_initializeGantBinding_closure5_closure16.doCall(GantBinding.groovy:185)
      	at org.codehaus.gant.GantBinding$_initializeGantBinding_closure5_closure16.doCall(GantBinding.groovy)
      	at org.codehaus.gant.GantMetaClass.invokeMethod(GantMetaClass.java:133)
      	at TestApp$_run_closure1.doCall(TestApp.groovy:32)
      	at org.codehaus.gant.GantMetaClass.invokeMethod(GantMetaClass.java:133)
      	at org.codehaus.gant.GantBinding$_initializeGantBinding_closure5_closure16_closure18.doCall(GantBinding.groovy:185)
      	at org.codehaus.gant.GantBinding$_initializeGantBinding_closure5_closure16_closure18.doCall(GantBinding.groovy)
      	at org.codehaus.gant.GantBinding.withTargetEvent(GantBinding.groovy:90)
      	at org.codehaus.gant.GantBinding.this$4$withTargetEvent(GantBinding.groovy)
      	at org.codehaus.gant.GantBinding$_initializeGantBinding_closure5_closure16.doCall(GantBinding.groovy:185)
      	at org.codehaus.gant.GantBinding$_initializeGantBinding_closure5_closure16.doCall(GantBinding.groovy)
      	at gant.Gant$_dispatch_closure5.doCall(Gant.groovy:381)
      	at gant.Gant$_dispatch_closure7.doCall(Gant.groovy:415)
      	at gant.Gant$_dispatch_closure7.doCall(Gant.groovy)
      	at gant.Gant.withBuildListeners(Gant.groovy:427)
      	at gant.Gant.this$2$withBuildListeners(Gant.groovy)
      	at gant.Gant$this$2$withBuildListeners$0.callCurrent(Unknown Source)
      	at gant.Gant.dispatch(Gant.groovy:415)
      	at gant.Gant.this$2$dispatch(Gant.groovy)
      	at gant.Gant.invokeMethod(Gant.groovy)
      	at gant.Gant.executeTargets(Gant.groovy:591)
      	at gant.Gant.executeTargets(Gant.groovy:590)

    When eu seleciono a opcao "Receber atualizacao por email"                                            # ObraSteps.groovy:148
    And preencho o campo de email com o email "teste@obralimpa.com"                                      # ObraSteps.groovy:156
    Then eu vejo uma mensagem de confirmacao com o nome "Praca do arsenal" e email "teste@obralimpa.com" # ObraSteps.groovy:160

--Output from Nova pagina de obra--
  Scenario: Visualizar obra                                                                            # Obra.feature:85
    Given que o usuario esta no menu de obras e quer visualizar os detalhes da obra "Praca do arsenal" # ObraSteps.groovy:108
      geb.driver.DriverCreationException: failed to create driver from callback 'script14671788942171314453061$_run_closure1@730b0554'
      	at geb.driver.CallbackDriverFactory.getDriver(CallbackDriverFactory.groovy:35)
      	at geb.driver.CachingDriverFactory$_getDriver_closure3.doCall(CachingDriverFactory.groovy:80)
      	at geb.driver.CachingDriverFactory$_getDriver_closure3.doCall(CachingDriverFactory.groovy)
      	at geb.driver.CachingDriverFactory$SimpleCache.get(CachingDriverFactory.groovy:30)
      	at geb.driver.CachingDriverFactory.getDriver(CachingDriverFactory.groovy:79)
      	at geb.Configuration.createDriver(Configuration.groovy:354)
      	at geb.Configuration.getDriver(Configuration.groovy:343)
      	at geb.Browser.getDriver(Browser.groovy:105)
      	at geb.Browser.go(Browser.groovy:394)
      	at geb.Browser$go$3.call(Unknown Source)
      	at geb.Page.to(Page.groovy:184)
      	at geb.Browser.via(Browser.groovy:475)
      	at geb.Browser$via$2.callCurrent(Unknown Source)
      	at geb.Browser.to(Browser.groovy:434)
      	at geb.Browser$to$1.callCurrent(Unknown Source)
      	at geb.Browser.to(Browser.groovy:412)
      	at geb.binding.BindingUpdater$InvocationForwarding.doCall(BindingUpdater.groovy:72)
      	at ObraSteps$_run_closure12.doCall(ObraSteps.groovy:111)
      	at ✽.Given que o usuario esta no menu de obras e quer visualizar os detalhes da obra "Praca do arsenal"(Obra.feature:86)
      Caused by: java.lang.IllegalStateException: The driver executable does not exist: C:\Users\Preto\Desktop\thay\ObrasPublicas\chromedrivers\chromedrivermac
      	at com.google.common.base.Preconditions.checkState(Preconditions.java:177)
      	at org.openqa.selenium.remote.service.DriverService.checkExecutable(DriverService.java:117)
      	at org.openqa.selenium.remote.service.DriverService.findExecutable(DriverService.java:112)
      	at org.openqa.selenium.chrome.ChromeDriverService.createDefaultService(ChromeDriverService.java:75)
      	at org.openqa.selenium.chrome.ChromeDriver.&lt;init&gt;(ChromeDriver.java:107)
      	at script14671788942171314453061$_run_closure1.doCall(script14671788942171314453061.groovy:8)
      	at script14671788942171314453061$_run_closure1.doCall(script14671788942171314453061.groovy)
      	at geb.driver.CallbackDriverFactory.getDriver(CallbackDriverFactory.groovy:29)
      	at geb.driver.CachingDriverFactory$_getDriver_closure3.doCall(CachingDriverFactory.groovy:80)
      	at geb.driver.CachingDriverFactory$_getDriver_closure3.doCall(CachingDriverFactory.groovy)
      	at geb.driver.CachingDriverFactory$SimpleCache.get(CachingDriverFactory.groovy:30)
      	at geb.driver.CachingDriverFactory.getDriver(CachingDriverFactory.groovy:79)
      	at geb.Configuration.createDriver(Configuration.groovy:354)
      	at geb.Configuration.getDriver(Configuration.groovy:343)
      	at geb.Browser.getDriver(Browser.groovy:105)
      	at geb.Browser.go(Browser.groovy:394)
      	at geb.Browser$go$3.call(Unknown Source)
      	at geb.Page.to(Page.groovy:184)
      	at geb.Browser.via(Browser.groovy:475)
      	at geb.Browser$via$2.callCurrent(Unknown Source)
      	at geb.Browser.to(Browser.groovy:434)
      	at geb.Browser$to$1.callCurrent(Unknown Source)
      	at geb.Browser.to(Browser.groovy:412)
      	at geb.binding.BindingUpdater$InvocationForwarding.doCall(BindingUpdater.groovy:72)
      	at ObraSteps$_run_closure12.doCall(ObraSteps.groovy:111)
      	at cucumber.runtime.groovy.GroovyBackend.invoke(GroovyBackend.java:155)
      	at cucumber.runtime.groovy.GroovyStepDefinition$1.call(GroovyStepDefinition.java:71)
      	at cucumber.runtime.Timeout.timeout(Timeout.java:13)
      	at cucumber.runtime.groovy.GroovyStepDefinition.execute(GroovyStepDefinition.java:68)
      	at cucumber.runtime.StepDefinitionMatch.runStep(StepDefinitionMatch.java:37)
      	at cucumber.runtime.Runtime.runStep(Runtime.java:298)
      	at cucumber.runtime.model.StepContainer.runStep(StepContainer.java:44)
      	at cucumber.runtime.model.StepContainer.runSteps(StepContainer.java:39)
      	at cucumber.runtime.model.CucumberScenario.run(CucumberScenario.java:48)
      	at cucumber.runtime.model.CucumberFeature.run(CucumberFeature.java:163)
      	at cucumber.runtime.model.CucumberFeature$run$0.call(Unknown Source)
      	at grails.plugin.cucumber.Cucumber$_run_closure2.doCall(Cucumber.groovy:59)
      	at grails.plugin.cucumber.Cucumber.run(Cucumber.groovy:58)
      	at grails.plugin.cucumber.Cucumber$run$1.call(Unknown Source)
      	at grails.plugin.cucumber.CucumberTestType.runFeatures(CucumberTestType.groovy:148)
      	at grails.plugin.cucumber.CucumberTestType.this$3$runFeatures(CucumberTestType.groovy)
      	at grails.plugin.cucumber.CucumberTestType$this$3$runFeatures$3.callCurrent(Unknown Source)
      	at grails.plugin.cucumber.CucumberTestType.doRun(CucumberTestType.groovy:58)
      	at _GrailsTest$_run_closure1.doCall(_GrailsTest.groovy:102)
      	at org.codehaus.gant.GantMetaClass.invokeMethod(GantMetaClass.java:133)
      	at org.codehaus.gant.GantBinding$_initializeGantBinding_closure5_closure16_closure18.doCall(GantBinding.groovy:185)
      	at org.codehaus.gant.GantBinding$_initializeGantBinding_closure5_closure16_closure18.doCall(GantBinding.groovy)
      	at org.codehaus.gant.GantBinding.withTargetEvent(GantBinding.groovy:90)
      	at org.codehaus.gant.GantBinding.this$4$withTargetEvent(GantBinding.groovy)
      	at org.codehaus.gant.GantBinding$_initializeGantBinding_closure5_closure16.doCall(GantBinding.groovy:185)
      	at org.codehaus.gant.GantBinding$_initializeGantBinding_closure5_closure16.doCall(GantBinding.groovy)
      	at org.codehaus.gant.GantMetaClass.invokeMethod(GantMetaClass.java:133)
      	at TestApp$_run_closure1.doCall(TestApp.groovy:32)
      	at org.codehaus.gant.GantMetaClass.invokeMethod(GantMetaClass.java:133)
      	at org.codehaus.gant.GantBinding$_initializeGantBinding_closure5_closure16_closure18.doCall(GantBinding.groovy:185)
      	at org.codehaus.gant.GantBinding$_initializeGantBinding_closure5_closure16_closure18.doCall(GantBinding.groovy)
      	at org.codehaus.gant.GantBinding.withTargetEvent(GantBinding.groovy:90)
      	at org.codehaus.gant.GantBinding.this$4$withTargetEvent(GantBinding.groovy)
      	at org.codehaus.gant.GantBinding$_initializeGantBinding_closure5_closure16.doCall(GantBinding.groovy:185)
      	at org.codehaus.gant.GantBinding$_initializeGantBinding_closure5_closure16.doCall(GantBinding.groovy)
      	at gant.Gant$_dispatch_closure5.doCall(Gant.groovy:381)
      	at gant.Gant$_dispatch_closure7.doCall(Gant.groovy:415)
      	at gant.Gant$_dispatch_closure7.doCall(Gant.groovy)
      	at gant.Gant.withBuildListeners(Gant.groovy:427)
      	at gant.Gant.this$2$withBuildListeners(Gant.groovy)
      	at gant.Gant$this$2$withBuildListeners$0.callCurrent(Unknown Source)
      	at gant.Gant.dispatch(Gant.groovy:415)
      	at gant.Gant.this$2$dispatch(Gant.groovy)
      	at gant.Gant.invokeMethod(Gant.groovy)
      	at gant.Gant.executeTargets(Gant.groovy:591)
      	at gant.Gant.executeTargets(Gant.groovy:590)

    When o usuario seleciona a obra "Praca do arsenal"                                                 # ObraSteps.groovy:115
    Then o sistema exibe os detalhes da obra "Praca do arsenal"                                        # ObraSteps.groovy:122

  Scenario: Nova pagina de obra                                                                         # Obra.feature:90
    Given eu estou no menu de obras e nao existe uma obra com nome "Praca do Arsenal" na lista de obras # ObraSteps.groovy:335
      geb.driver.DriverCreationException: failed to create driver from callback 'script14671788943351314453061$_run_closure1@716caf3f'
      	at geb.driver.CallbackDriverFactory.getDriver(CallbackDriverFactory.groovy:35)
      	at geb.driver.CachingDriverFactory$_getDriver_closure3.doCall(CachingDriverFactory.groovy:80)
      	at geb.driver.CachingDriverFactory$_getDriver_closure3.doCall(CachingDriverFactory.groovy)
      	at geb.driver.CachingDriverFactory$SimpleCache.get(CachingDriverFactory.groovy:30)
      	at geb.driver.CachingDriverFactory.getDriver(CachingDriverFactory.groovy:79)
      	at geb.Configuration.createDriver(Configuration.groovy:354)
      	at geb.Configuration.getDriver(Configuration.groovy:343)
      	at geb.Browser.getDriver(Browser.groovy:105)
      	at geb.Browser.go(Browser.groovy:394)
      	at geb.Browser$go$3.call(Unknown Source)
      	at geb.Page.to(Page.groovy:184)
      	at geb.Browser.via(Browser.groovy:475)
      	at geb.Browser$via$2.callCurrent(Unknown Source)
      	at geb.Browser.to(Browser.groovy:434)
      	at geb.Browser$to$1.callCurrent(Unknown Source)
      	at geb.Browser.to(Browser.groovy:412)
      	at geb.binding.BindingUpdater$InvocationForwarding.doCall(BindingUpdater.groovy:72)
      	at ObraSteps$_run_closure38.doCall(ObraSteps.groovy:337)
      	at ✽.Given eu estou no menu de obras e nao existe uma obra com nome "Praca do Arsenal" na lista de obras(Obra.feature:91)
      Caused by: java.lang.IllegalStateException: The driver executable does not exist: C:\Users\Preto\Desktop\thay\ObrasPublicas\chromedrivers\chromedrivermac
      	at com.google.common.base.Preconditions.checkState(Preconditions.java:177)
      	at org.openqa.selenium.remote.service.DriverService.checkExecutable(DriverService.java:117)
      	at org.openqa.selenium.remote.service.DriverService.findExecutable(DriverService.java:112)
      	at org.openqa.selenium.chrome.ChromeDriverService.createDefaultService(ChromeDriverService.java:75)
      	at org.openqa.selenium.chrome.ChromeDriver.&lt;init&gt;(ChromeDriver.java:107)
      	at script14671788943351314453061$_run_closure1.doCall(script14671788943351314453061.groovy:8)
      	at script14671788943351314453061$_run_closure1.doCall(script14671788943351314453061.groovy)
      	at geb.driver.CallbackDriverFactory.getDriver(CallbackDriverFactory.groovy:29)
      	at geb.driver.CachingDriverFactory$_getDriver_closure3.doCall(CachingDriverFactory.groovy:80)
      	at geb.driver.CachingDriverFactory$_getDriver_closure3.doCall(CachingDriverFactory.groovy)
      	at geb.driver.CachingDriverFactory$SimpleCache.get(CachingDriverFactory.groovy:30)
      	at geb.driver.CachingDriverFactory.getDriver(CachingDriverFactory.groovy:79)
      	at geb.Configuration.createDriver(Configuration.groovy:354)
      	at geb.Configuration.getDriver(Configuration.groovy:343)
      	at geb.Browser.getDriver(Browser.groovy:105)
      	at geb.Browser.go(Browser.groovy:394)
      	at geb.Browser$go$3.call(Unknown Source)
      	at geb.Page.to(Page.groovy:184)
      	at geb.Browser.via(Browser.groovy:475)
      	at geb.Browser$via$2.callCurrent(Unknown Source)
      	at geb.Browser.to(Browser.groovy:434)
      	at geb.Browser$to$1.callCurrent(Unknown Source)
      	at geb.Browser.to(Browser.groovy:412)
      	at geb.binding.BindingUpdater$InvocationForwarding.doCall(BindingUpdater.groovy:72)
      	at ObraSteps$_run_closure38.doCall(ObraSteps.groovy:337)
      	at cucumber.runtime.groovy.GroovyBackend.invoke(GroovyBackend.java:155)
      	at cucumber.runtime.groovy.GroovyStepDefinition$1.call(GroovyStepDefinition.java:71)
      	at cucumber.runtime.Timeout.timeout(Timeout.java:13)
      	at cucumber.runtime.groovy.GroovyStepDefinition.execute(GroovyStepDefinition.java:68)
      	at cucumber.runtime.StepDefinitionMatch.runStep(StepDefinitionMatch.java:37)
      	at cucumber.runtime.Runtime.runStep(Runtime.java:298)
      	at cucumber.runtime.model.StepContainer.runStep(StepContainer.java:44)
      	at cucumber.runtime.model.StepContainer.runSteps(StepContainer.java:39)
      	at cucumber.runtime.model.CucumberScenario.run(CucumberScenario.java:48)
      	at cucumber.runtime.model.CucumberFeature.run(CucumberFeature.java:163)
      	at cucumber.runtime.model.CucumberFeature$run$0.call(Unknown Source)
      	at grails.plugin.cucumber.Cucumber$_run_closure2.doCall(Cucumber.groovy:59)
      	at grails.plugin.cucumber.Cucumber.run(Cucumber.groovy:58)
      	at grails.plugin.cucumber.Cucumber$run$1.call(Unknown Source)
      	at grails.plugin.cucumber.CucumberTestType.runFeatures(CucumberTestType.groovy:148)
      	at grails.plugin.cucumber.CucumberTestType.this$3$runFeatures(CucumberTestType.groovy)
      	at grails.plugin.cucumber.CucumberTestType$this$3$runFeatures$3.callCurrent(Unknown Source)
      	at grails.plugin.cucumber.CucumberTestType.doRun(CucumberTestType.groovy:58)
      	at _GrailsTest$_run_closure1.doCall(_GrailsTest.groovy:102)
      	at org.codehaus.gant.GantMetaClass.invokeMethod(GantMetaClass.java:133)
      	at org.codehaus.gant.GantBinding$_initializeGantBinding_closure5_closure16_closure18.doCall(GantBinding.groovy:185)
      	at org.codehaus.gant.GantBinding$_initializeGantBinding_closure5_closure16_closure18.doCall(GantBinding.groovy)
      	at org.codehaus.gant.GantBinding.withTargetEvent(GantBinding.groovy:90)
      	at org.codehaus.gant.GantBinding.this$4$withTargetEvent(GantBinding.groovy)
      	at org.codehaus.gant.GantBinding$_initializeGantBinding_closure5_closure16.doCall(GantBinding.groovy:185)
      	at org.codehaus.gant.GantBinding$_initializeGantBinding_closure5_closure16.doCall(GantBinding.groovy)
      	at org.codehaus.gant.GantMetaClass.invokeMethod(GantMetaClass.java:133)
      	at TestApp$_run_closure1.doCall(TestApp.groovy:32)
      	at org.codehaus.gant.GantMetaClass.invokeMethod(GantMetaClass.java:133)
      	at org.codehaus.gant.GantBinding$_initializeGantBinding_closure5_closure16_closure18.doCall(GantBinding.groovy:185)
      	at org.codehaus.gant.GantBinding$_initializeGantBinding_closure5_closure16_closure18.doCall(GantBinding.groovy)
      	at org.codehaus.gant.GantBinding.withTargetEvent(GantBinding.groovy:90)
      	at org.codehaus.gant.GantBinding.this$4$withTargetEvent(GantBinding.groovy)
      	at org.codehaus.gant.GantBinding$_initializeGantBinding_closure5_closure16.doCall(GantBinding.groovy:185)
      	at org.codehaus.gant.GantBinding$_initializeGantBinding_closure5_closure16.doCall(GantBinding.groovy)
      	at gant.Gant$_dispatch_closure5.doCall(Gant.groovy:381)
      	at gant.Gant$_dispatch_closure7.doCall(Gant.groovy:415)
      	at gant.Gant$_dispatch_closure7.doCall(Gant.groovy)
      	at gant.Gant.withBuildListeners(Gant.groovy:427)
      	at gant.Gant.this$2$withBuildListeners(Gant.groovy)
      	at gant.Gant$this$2$withBuildListeners$0.callCurrent(Unknown Source)
      	at gant.Gant.dispatch(Gant.groovy:415)
      	at gant.Gant.this$2$dispatch(Gant.groovy)
      	at gant.Gant.invokeMethod(Gant.groovy)
      	at gant.Gant.executeTargets(Gant.groovy:591)
      	at gant.Gant.executeTargets(Gant.groovy:590)

    When eu seleciono a opcao "Cadastrar"                                                               # ObraSteps.groovy:148
    And eu tento cadastrar a obra com o nome "Praca do Arsenal"                                         # ObraSteps.groovy:341
    And seleciono a opcao "Salvar"                                                                      # ObraSteps.groovy:344
    Then eu vejo uma mensagem de confirmacao com o nome "Praca do arsenal"                              # ObraSteps.groovy:347
</pre>
</div>
<div class="syserr">
<h2>System error</h2>
<pre class="syserr">
--Output from Adicionar obra nao existente--
--Output from Buscar percentual de obras atrasadas--
--Output from Buscar percentual de obras com orcamento estourado--
--Output from Adicionar obra existente--
--Output from Atualizar obra--
--Output from Remover obra existente--
--Output from Verificar status andamento obra--
--Output from Adicionar obra com data de termino anterior a data de in&iacute;cio--
--Output from Adicionar obra com data de termino anterior a data corrente--
--Output from Atualizar nome de obra com nome j&aacute; existente--
--Output from Adicionar obra de um politico inexistente--
--Output from Devolver a taxa de obras atrasadas de um determinado pol&iacute;tico--
--Output from Devolver a taxa de obras com or&ccedil;amentos estourados de um determinado pol&iacute;tico--
--Output from Receber atualizacoes da obra por email--
--Output from Visualizar obra--
--Output from Nova pagina de obra--</pre>
</div>
</div>
<div class="clear"></div>
</div>
<div class="clear"></div>
</div>
<!--
            Parses JUnit output and associates it with the corresponding test case
        -->
<script language="javascript">


/**
 * The JUnit report format is incredibly stuipd in the
 * sense that it accumulates output from all test methods
 * into a single xml node.
 */
(function() {

    var outputElements = findOutputElements();
    for (var i in outputElements) {
        var outputElement = outputElements[i];
        var textOutput = outputElement.element.firstChild.nodeValue;
        var header = outputElement.getHeader();
        appendTestMethodOutput(textOutput, header);
    }

    function findOutputElements() {
        var outputElements = [];
        var preElements = document.getElementsByTagName("pre");
        for (var i in preElements) {
            var preElement = preElements[i];
            var className = preElement.className || "";
            if (className.indexOf("stdout") >= 0) {
                var outputElement = new OutputElement(preElement, "output");
                outputElements.push(outputElement);
            } else if (className.indexOf("syserr") >= 0) {
                var outputElement = new OutputElement(preElement, "error");
                outputElements.push(outputElement);
            }
        }

        return outputElements;
    }

    function OutputElement(element, type) {
        this.element = element;
        this.type = type;

        this.getHeader = function() {
            if (type === "output") {
                return "System output";
            } else if ("error") {
                return "System error";
            }
        }
    }

    function appendTestMethodOutput(text, header) {
        var testOutput = new TestMethodOutput(header);

        var lines = text.split(/\r\n|\r|\n/);
        for (var i in lines) {
            var line = lines[i];
            var matches = line.match(/^--Output from (.*)--$/);
            if (matches !== null && matches.length == 2) {
                testOutput.flushToDom();
                testOutput.testName = matches[1];
            } else {
                testOutput.addLine(line);
            }
        }

        testOutput.flushToDom();
    }

    function TestMethodOutput(header) {
        this.header = header;
        this.testName = undefined;
        this.buffer = "";

        this.addLine = function(line) {
            this.buffer += line + "\n";
        }

        this.flushToDom = function() {
            if (this.testName !== undefined) {
                var domNode = getTestcaseElementByName(this.testName);
                if (domNode !== undefined && trimString(this.buffer).length > 0) {
                    this.appendTo(domNode);
                }

                this.reset();
            }
        }

        this.appendTo = function(domNode) {
            var node = document.createElement("div");
            node.innerHTML = '<p><b class="message">' + header + '</b></p>';

            var preNode = document.createElement("pre");
            preNode.appendChild(document.createTextNode(this.buffer));
            node.appendChild(preNode);

            var outputContainer = findElementByTagClassAndParent("div", "outputinfo", domNode);
            outputContainer.appendChild(node);
        }

        this.reset = function() {
            this.methodName = undefined;
            this.buffer = "";
        }
    }

    function getTestcaseElementByName(name) {
        var divElements = document.getElementsByTagName("div");
        var elementCount = divElements.length;
        for (var i=0; i<elementCount; i++) {
            var el = divElements[i];
            if (el.getAttribute("data-name") === name) {
                return el;
            }
        }
    }

    function findElementByTagClassAndParent(tagName, className, parentNode) {
        var elements = parentNode.getElementsByTagName(tagName);
        for (var i in elements) {
            var element = elements[i];

            // Not 100% correct, but good enough here
            if (element.className !== undefined && element.className.indexOf(className) >= 0) {
                return element;
            }
        }
    }

    function trimString(str) {
        return str.replace(/^\s\s*/, '').replace(/\s\s*$/, '');
    }

})();

        </script>
</body>
</html>
